[2016-01-16 00:56:56.616] [INFO] cheese - NodeClub listening on port 3000
[2016-01-16 00:56:56.619] [INFO] cheese - God bless love....
[2016-01-16 00:56:56.619] [INFO] cheese - You can debug your app with http://localhost:3000
[2016-01-16 00:56:56.619] [INFO] cheese - 
[2016-01-16 00:57:08.212] [INFO] cheese - 

Started 2016-01-15T16:57:08.211Z GET / ::1
[2016-01-16 00:57:08.230] [DEBUG] cheese - [35mMONGO[39m topics.[34mfind[39m {"conditions":{"deleted":false},"options":{"skip":0,"limit":20,"sort":{"top":-1,"last_reply_at":-1},"fields":{}},"collectionName":"topics"} [32m6ms[39m
[2016-01-16 00:57:08.231] [DEBUG] cheese - [35mMONGO[39m users.[34mfind[39m {"conditions":{"is_block":false},"options":{"limit":10,"sort":{"score":-1}},"collectionName":"users"} [32m3ms[39m
[2016-01-16 00:57:08.231] [DEBUG] cheese - [35mMONGO[39m topics.[34mfind[39m {"conditions":{"deleted":false,"tab":{"$ne":"job"},"reply_count":0},"options":{"limit":5,"sort":{"create_at":-1},"fields":{}},"collectionName":"topics"} [32m3ms[39m
[2016-01-16 00:57:08.232] [DEBUG] cheese - Cache set tops [32m0ms[39m
[2016-01-16 00:57:08.232] [DEBUG] cheese - Cache set no_reply_topics [32m0ms[39m
[2016-01-16 00:57:08.233] [DEBUG] cheese - Cache set {"deleted":false}pages [32m0ms[39m
[2016-01-16 00:57:08.251] [INFO] cheese - Render view index [32m(18ms)[39m
[2016-01-16 00:57:08.261] [INFO] cheese - Completed 200 [32m(50ms)[39m
[2016-01-16 00:57:13.506] [INFO] cheese - 

Started 2016-01-15T16:57:13.506Z GET /signup ::1
[2016-01-16 00:57:13.515] [INFO] cheese - Render view sign/signup [32m(7ms)[39m
[2016-01-16 00:57:13.516] [INFO] cheese - Completed 200 [32m(10ms)[39m
[2016-01-16 00:57:33.495] [INFO] cheese - 

Started 2016-01-15T16:57:33.495Z POST /signup ::1
[2016-01-16 00:57:33.526] [DEBUG] cheese - [35mMONGO[39m users.[34mfind[39m {"conditions":{"$or":[{"loginname":"firezyz"},{"email":"1063784603@qq.com"}]},"options":{},"collectionName":"users"} [32m2ms[39m
[2016-01-16 00:57:33.775] [INFO] cheese - Render view sign/signup [32m(4ms)[39m
[2016-01-16 00:57:33.777] [INFO] cheese - Completed 200 [32m(282ms)[39m
[2016-01-16 00:57:40.488] [INFO] cheese - 

Started 2016-01-15T16:57:40.488Z GET /signin ::1
[2016-01-16 00:57:40.493] [INFO] cheese - Render view sign/signin [32m(4ms)[39m
[2016-01-16 00:57:40.494] [INFO] cheese - Completed 200 [32m(6ms)[39m
[2016-01-16 00:57:45.999] [INFO] cheese - 

Started 2016-01-15T16:57:45.999Z POST /signin ::1
[2016-01-16 00:57:46.005] [DEBUG] cheese - [35mMONGO[39m users.[34mfindOne[39m {"conditions":{"loginname":"firezyz"},"options":{},"collectionName":"users"} [32m3ms[39m
[2016-01-16 00:57:46.215] [INFO] cheese - Render view sign/signin [32m(4ms)[39m
[2016-01-16 00:57:46.216] [INFO] cheese - Completed 403 [32m(217ms)[39m
[2016-01-16 00:59:03.103] [INFO] cheese - 

Started 2016-01-15T16:59:03.103Z GET /auth/github ::1
[2016-01-16 00:59:03.107] [INFO] cheese - Completed 302 [32m(4ms)[39m
[2016-01-16 00:59:22.660] [INFO] cheese - 

Started 2016-01-15T16:59:22.660Z GET / ::1
[2016-01-16 00:59:22.666] [DEBUG] cheese - [35mMONGO[39m topics.[34mfind[39m {"conditions":{"deleted":false},"options":{"skip":0,"limit":20,"sort":{"top":-1,"last_reply_at":-1},"fields":{}},"collectionName":"topics"} [32m4ms[39m
[2016-01-16 00:59:22.666] [DEBUG] cheese - [35mMONGO[39m users.[34mfind[39m {"conditions":{"is_block":false},"options":{"limit":10,"sort":{"score":-1}},"collectionName":"users"} [32m2ms[39m
[2016-01-16 00:59:22.667] [DEBUG] cheese - [35mMONGO[39m topics.[34mfind[39m {"conditions":{"deleted":false,"tab":{"$ne":"job"},"reply_count":0},"options":{"limit":5,"sort":{"create_at":-1},"fields":{}},"collectionName":"topics"} [32m2ms[39m
[2016-01-16 00:59:22.669] [DEBUG] cheese - Cache set tops [32m1ms[39m
[2016-01-16 00:59:22.669] [DEBUG] cheese - Cache set no_reply_topics [32m0ms[39m
[2016-01-16 00:59:22.670] [DEBUG] cheese - Cache set {"deleted":false}pages [32m0ms[39m
[2016-01-16 00:59:22.679] [INFO] cheese - Render view index [32m(9ms)[39m
[2016-01-16 00:59:22.680] [INFO] cheese - Completed 200 [32m(20ms)[39m
[2016-01-16 00:59:39.449] [INFO] cheese - 

Started 2016-01-15T16:59:39.449Z GET /?tab=good ::1
[2016-01-16 00:59:39.451] [DEBUG] cheese - Cache get tops [32m1ms[39m
[2016-01-16 00:59:39.451] [DEBUG] cheese - Cache get no_reply_topics [32m1ms[39m
[2016-01-16 00:59:39.452] [DEBUG] cheese - [35mMONGO[39m topics.[34mfind[39m {"conditions":{"deleted":false,"good":true},"options":{"skip":0,"limit":20,"sort":{"top":-1,"last_reply_at":-1},"fields":{}},"collectionName":"topics"} [32m2ms[39m
[2016-01-16 00:59:39.452] [DEBUG] cheese - Cache set {"good":true,"deleted":false}pages [32m0ms[39m
[2016-01-16 00:59:39.458] [INFO] cheese - Render view index [32m(5ms)[39m
[2016-01-16 00:59:39.459] [INFO] cheese - Completed 200 [32m(10ms)[39m
[2016-01-16 00:59:40.616] [INFO] cheese - 

Started 2016-01-15T16:59:40.616Z GET /?tab=share ::1
[2016-01-16 00:59:40.619] [DEBUG] cheese - Cache get tops [32m1ms[39m
[2016-01-16 00:59:40.620] [DEBUG] cheese - Cache get no_reply_topics [32m2ms[39m
[2016-01-16 00:59:40.620] [DEBUG] cheese - [35mMONGO[39m topics.[34mfind[39m {"conditions":{"deleted":false,"tab":"share"},"options":{"skip":0,"limit":20,"sort":{"top":-1,"last_reply_at":-1},"fields":{}},"collectionName":"topics"} [32m1ms[39m
[2016-01-16 00:59:40.621] [DEBUG] cheese - Cache set {"tab":"share","deleted":false}pages [32m0ms[39m
[2016-01-16 00:59:40.626] [INFO] cheese - Render view index [32m(5ms)[39m
[2016-01-16 00:59:40.628] [INFO] cheese - Completed 200 [32m(12ms)[39m
[2016-01-16 00:59:41.638] [INFO] cheese - 

Started 2016-01-15T16:59:41.638Z GET /?tab=ask ::1
[2016-01-16 00:59:41.640] [DEBUG] cheese - Cache get tops [32m1ms[39m
[2016-01-16 00:59:41.640] [DEBUG] cheese - Cache get no_reply_topics [32m1ms[39m
[2016-01-16 00:59:41.641] [DEBUG] cheese - [35mMONGO[39m topics.[34mfind[39m {"conditions":{"deleted":false,"tab":"ask"},"options":{"skip":0,"limit":20,"sort":{"top":-1,"last_reply_at":-1},"fields":{}},"collectionName":"topics"} [32m1ms[39m
[2016-01-16 00:59:41.642] [DEBUG] cheese - Cache set {"tab":"ask","deleted":false}pages [32m0ms[39m
[2016-01-16 00:59:41.646] [INFO] cheese - Render view index [32m(4ms)[39m
[2016-01-16 00:59:41.647] [INFO] cheese - Completed 200 [32m(9ms)[39m
[2016-01-16 00:59:44.015] [INFO] cheese - 

Started 2016-01-15T16:59:44.015Z GET / ::1
[2016-01-16 00:59:44.018] [DEBUG] cheese - Cache get tops [32m2ms[39m
[2016-01-16 00:59:44.018] [DEBUG] cheese - Cache get no_reply_topics [32m2ms[39m
[2016-01-16 00:59:44.018] [DEBUG] cheese - Cache get {"deleted":false}pages [32m1ms[39m
[2016-01-16 00:59:44.019] [DEBUG] cheese - [35mMONGO[39m topics.[34mfind[39m {"conditions":{"deleted":false},"options":{"skip":0,"limit":20,"sort":{"top":-1,"last_reply_at":-1},"fields":{}},"collectionName":"topics"} [32m2ms[39m
[2016-01-16 00:59:44.019] [DEBUG] cheese - Cache set {"deleted":false}pages [32m0ms[39m
[2016-01-16 00:59:44.023] [INFO] cheese - Render view index [32m(3ms)[39m
[2016-01-16 00:59:44.024] [INFO] cheese - Completed 304 [32m(9ms)[39m
[2016-01-16 00:59:45.833] [INFO] cheese - 

Started 2016-01-15T16:59:45.833Z GET /getstart ::1
[2016-01-16 00:59:45.873] [INFO] cheese - Render view static/getstart [32m(39ms)[39m
[2016-01-16 00:59:45.875] [INFO] cheese - Completed 200 [32m(42ms)[39m
[2016-01-16 09:51:22.590] [INFO] cheese - NodeClub listening on port 3000
[2016-01-16 09:51:22.593] [INFO] cheese - God bless love....
[2016-01-16 09:51:22.593] [INFO] cheese - You can debug your app with http://localhost:3000
[2016-01-16 09:51:22.593] [INFO] cheese - 
[2016-01-16 09:51:35.836] [INFO] cheese - 

Started 2016-01-16T01:51:35.836Z GET / ::1
[2016-01-16 09:51:35.853] [DEBUG] cheese - Cache get tops [32m6ms[39m
[2016-01-16 09:51:35.854] [DEBUG] cheese - Cache get no_reply_topics [32m6ms[39m
[2016-01-16 09:51:35.854] [DEBUG] cheese - Cache get {"deleted":false}pages [32m6ms[39m
[2016-01-16 09:51:35.855] [DEBUG] cheese - [35mMONGO[39m topics.[34mfind[39m {"conditions":{"deleted":false},"options":{"skip":0,"limit":20,"sort":{"top":-1,"last_reply_at":-1},"fields":{}},"collectionName":"topics"} [32m5ms[39m
[2016-01-16 09:51:35.880] [INFO] cheese - Render view index [32m(24ms)[39m
[2016-01-16 09:51:35.885] [INFO] cheese - Completed 200 [32m(49ms)[39m
[2016-01-16 09:51:43.094] [INFO] cheese - 

Started 2016-01-16T01:51:43.094Z GET /signup ::1
[2016-01-16 09:51:43.102] [INFO] cheese - Render view sign/signup [32m(6ms)[39m
[2016-01-16 09:51:43.106] [INFO] cheese - Completed 200 [32m(12ms)[39m
[2016-01-16 09:52:03.619] [INFO] cheese - 

Started 2016-01-16T01:52:03.618Z POST /signup ::1
[2016-01-16 09:52:03.653] [DEBUG] cheese - [35mMONGO[39m users.[34mfind[39m {"conditions":{"$or":[{"loginname":"firezyz"},{"email":"1063784603@qq.com"}]},"options":{},"collectionName":"users"} [32m3ms[39m
[2016-01-16 09:52:03.663] [INFO] cheese - Render view sign/signup [32m(6ms)[39m
[2016-01-16 09:52:03.665] [INFO] cheese - Completed 422 [32m(47ms)[39m
[2016-01-16 09:59:43.419] [INFO] cheese - 

Started 2016-01-16T01:59:43.419Z GET / ::1
[2016-01-16 09:59:43.429] [DEBUG] cheese - [35mMONGO[39m topics.[34mfind[39m {"conditions":{"deleted":false},"options":{"skip":0,"limit":20,"sort":{"top":-1,"last_reply_at":-1},"fields":{}},"collectionName":"topics"} [32m5ms[39m
[2016-01-16 09:59:43.429] [DEBUG] cheese - Cache set {"deleted":false}pages [32m0ms[39m
[2016-01-16 09:59:43.431] [DEBUG] cheese - [35mMONGO[39m users.[34mfind[39m {"conditions":{"is_block":false},"options":{"limit":10,"sort":{"score":-1}},"collectionName":"users"} [32m5ms[39m
[2016-01-16 09:59:43.432] [DEBUG] cheese - [35mMONGO[39m topics.[34mfind[39m {"conditions":{"deleted":false,"tab":{"$ne":"job"},"reply_count":0},"options":{"limit":5,"sort":{"create_at":-1},"fields":{}},"collectionName":"topics"} [32m6ms[39m
[2016-01-16 09:59:43.433] [DEBUG] cheese - Cache set tops [32m1ms[39m
[2016-01-16 09:59:43.433] [DEBUG] cheese - Cache set no_reply_topics [32m0ms[39m
[2016-01-16 09:59:43.441] [INFO] cheese - Render view index [32m(7ms)[39m
[2016-01-16 09:59:43.442] [INFO] cheese - Completed 200 [32m(23ms)[39m
[2016-01-16 09:59:44.597] [INFO] cheese - 

Started 2016-01-16T01:59:44.597Z GET /getstart ::1
[2016-01-16 09:59:44.641] [INFO] cheese - Render view static/getstart [32m(42ms)[39m
[2016-01-16 09:59:44.644] [INFO] cheese - Completed 200 [32m(47ms)[39m
[2016-01-16 10:00:00.481] [INFO] cheese - 

Started 2016-01-16T02:00:00.481Z GET /api ::1
[2016-01-16 10:00:00.496] [INFO] cheese - Render view static/api [32m(14ms)[39m
[2016-01-16 10:00:00.496] [INFO] cheese - Completed 200 [32m(15ms)[39m
[2016-01-16 10:15:13.247] [INFO] cheese - 

Started 2016-01-16T02:15:13.247Z GET / ::1
[2016-01-16 10:15:13.253] [DEBUG] cheese - [35mMONGO[39m topics.[34mfind[39m {"conditions":{"deleted":false},"options":{"skip":0,"limit":20,"sort":{"top":-1,"last_reply_at":-1},"fields":{}},"collectionName":"topics"} [32m3ms[39m
[2016-01-16 10:15:13.253] [DEBUG] cheese - [35mMONGO[39m users.[34mfind[39m {"conditions":{"is_block":false},"options":{"limit":10,"sort":{"score":-1}},"collectionName":"users"} [32m2ms[39m
[2016-01-16 10:15:13.254] [DEBUG] cheese - [35mMONGO[39m topics.[34mfind[39m {"conditions":{"deleted":false,"tab":{"$ne":"job"},"reply_count":0},"options":{"limit":5,"sort":{"create_at":-1},"fields":{}},"collectionName":"topics"} [32m3ms[39m
[2016-01-16 10:15:13.255] [DEBUG] cheese - Cache set tops [32m0ms[39m
[2016-01-16 10:15:13.255] [DEBUG] cheese - Cache set no_reply_topics [32m0ms[39m
[2016-01-16 10:15:13.255] [DEBUG] cheese - Cache set {"deleted":false}pages [32m0ms[39m
[2016-01-16 10:15:13.262] [INFO] cheese - Render view index [32m(6ms)[39m
[2016-01-16 10:15:13.263] [INFO] cheese - Completed 304 [32m(16ms)[39m
[2016-01-16 10:15:15.939] [INFO] cheese - 

Started 2016-01-16T02:15:15.939Z GET /?tab=good ::1
[2016-01-16 10:15:15.942] [DEBUG] cheese - Cache get tops [32m1ms[39m
[2016-01-16 10:15:15.943] [DEBUG] cheese - Cache get no_reply_topics [32m2ms[39m
[2016-01-16 10:15:15.943] [DEBUG] cheese - [35mMONGO[39m topics.[34mfind[39m {"conditions":{"deleted":false,"good":true},"options":{"skip":0,"limit":20,"sort":{"top":-1,"last_reply_at":-1},"fields":{}},"collectionName":"topics"} [32m1ms[39m
[2016-01-16 10:15:15.944] [DEBUG] cheese - Cache set {"good":true,"deleted":false}pages [32m0ms[39m
[2016-01-16 10:15:15.950] [INFO] cheese - Render view index [32m(6ms)[39m
[2016-01-16 10:15:15.951] [INFO] cheese - Completed 200 [32m(12ms)[39m
[2016-01-16 10:15:17.514] [INFO] cheese - 

Started 2016-01-16T02:15:17.513Z GET /?tab=share ::1
[2016-01-16 10:15:17.518] [DEBUG] cheese - Cache get tops [32m3ms[39m
[2016-01-16 10:15:17.518] [DEBUG] cheese - Cache get no_reply_topics [32m3ms[39m
[2016-01-16 10:15:17.519] [DEBUG] cheese - [35mMONGO[39m topics.[34mfind[39m {"conditions":{"deleted":false,"tab":"share"},"options":{"skip":0,"limit":20,"sort":{"top":-1,"last_reply_at":-1},"fields":{}},"collectionName":"topics"} [32m2ms[39m
[2016-01-16 10:15:17.520] [DEBUG] cheese - Cache set {"tab":"share","deleted":false}pages [32m0ms[39m
[2016-01-16 10:15:17.525] [INFO] cheese - Render view index [32m(5ms)[39m
[2016-01-16 10:15:17.525] [INFO] cheese - Completed 200 [32m(12ms)[39m
[2016-01-16 10:15:18.660] [INFO] cheese - 

Started 2016-01-16T02:15:18.660Z GET /?tab=ask ::1
[2016-01-16 10:15:18.663] [DEBUG] cheese - Cache get tops [32m1ms[39m
[2016-01-16 10:15:18.664] [DEBUG] cheese - Cache get no_reply_topics [32m2ms[39m
[2016-01-16 10:15:18.664] [DEBUG] cheese - [35mMONGO[39m topics.[34mfind[39m {"conditions":{"deleted":false,"tab":"ask"},"options":{"skip":0,"limit":20,"sort":{"top":-1,"last_reply_at":-1},"fields":{}},"collectionName":"topics"} [32m1ms[39m
[2016-01-16 10:15:18.665] [DEBUG] cheese - Cache set {"tab":"ask","deleted":false}pages [32m0ms[39m
[2016-01-16 10:15:18.671] [INFO] cheese - Render view index [32m(6ms)[39m
[2016-01-16 10:15:18.673] [INFO] cheese - Completed 200 [32m(13ms)[39m
[2016-01-16 10:15:19.918] [INFO] cheese - 

Started 2016-01-16T02:15:19.918Z GET /?tab=job ::1
[2016-01-16 10:15:19.922] [DEBUG] cheese - Cache get tops [32m2ms[39m
[2016-01-16 10:15:19.923] [DEBUG] cheese - Cache get no_reply_topics [32m2ms[39m
[2016-01-16 10:15:19.924] [DEBUG] cheese - [35mMONGO[39m topics.[34mfind[39m {"conditions":{"deleted":false,"tab":"job"},"options":{"skip":0,"limit":20,"sort":{"top":-1,"last_reply_at":-1},"fields":{}},"collectionName":"topics"} [32m3ms[39m
[2016-01-16 10:15:19.925] [DEBUG] cheese - Cache set {"tab":"job","deleted":false}pages [32m0ms[39m
[2016-01-16 10:15:19.929] [INFO] cheese - Render view index [32m(4ms)[39m
[2016-01-16 10:15:19.930] [INFO] cheese - Completed 200 [32m(12ms)[39m
[2016-01-16 10:26:25.397] [INFO] cheese - NodeClub listening on port 3000
[2016-01-16 10:26:25.399] [INFO] cheese - God bless love....
[2016-01-16 10:26:25.399] [INFO] cheese - You can debug your app with http://localhost:3000
[2016-01-16 10:26:25.400] [INFO] cheese - 
[2016-01-16 10:26:37.297] [INFO] cheese - 

Started 2016-01-16T02:26:37.296Z GET / ::1
[2016-01-16 10:26:37.313] [DEBUG] cheese - Cache get tops [32m5ms[39m
[2016-01-16 10:26:37.314] [DEBUG] cheese - Cache get no_reply_topics [32m6ms[39m
[2016-01-16 10:26:37.314] [DEBUG] cheese - Cache get {"deleted":false}pages [32m6ms[39m
[2016-01-16 10:26:37.315] [DEBUG] cheese - [35mMONGO[39m topics.[34mfind[39m {"conditions":{"deleted":false},"options":{"skip":0,"limit":20,"sort":{"top":-1,"last_reply_at":-1},"fields":{}},"collectionName":"topics"} [32m6ms[39m
[2016-01-16 10:26:37.336] [INFO] cheese - Render view index [32m(20ms)[39m
[2016-01-16 10:26:37.340] [INFO] cheese - Completed 200 [32m(44ms)[39m
[2016-01-16 10:26:40.437] [INFO] cheese - 

Started 2016-01-16T02:26:40.437Z GET /auth/github ::1
[2016-01-16 10:26:40.444] [INFO] cheese - Completed 302 [32m(7ms)[39m
[2016-01-16 10:26:47.827] [INFO] cheese - 

Started 2016-01-16T02:26:47.827Z GET /signup ::1
[2016-01-16 10:26:47.835] [INFO] cheese - Render view sign/signup [32m(6ms)[39m
[2016-01-16 10:26:47.836] [INFO] cheese - Completed 200 [32m(9ms)[39m
[2016-01-16 10:26:51.834] [INFO] cheese - 

Started 2016-01-16T02:26:51.834Z GET /signin ::1
[2016-01-16 10:26:51.841] [INFO] cheese - Render view sign/signin [32m(5ms)[39m
[2016-01-16 10:26:51.842] [INFO] cheese - Completed 200 [32m(8ms)[39m
[2016-01-16 10:26:57.319] [INFO] cheese - 

Started 2016-01-16T02:26:57.319Z POST /signin ::1
[2016-01-16 10:26:57.340] [DEBUG] cheese - [35mMONGO[39m users.[34mfindOne[39m {"conditions":{"loginname":"firezyz"},"options":{},"collectionName":"users"} [32m2ms[39m
[2016-01-16 10:26:57.585] [INFO] cheese - Render view sign/signin [32m(5ms)[39m
[2016-01-16 10:26:57.586] [INFO] cheese - Completed 403 [32m(267ms)[39m
[2016-01-16 10:27:00.168] [INFO] cheese - 

Started 2016-01-16T02:27:00.168Z GET /search_pass ::1
[2016-01-16 10:27:00.173] [INFO] cheese - Render view sign/search_pass [32m(3ms)[39m
[2016-01-16 10:27:00.174] [INFO] cheese - Completed 200 [32m(6ms)[39m
[2016-01-16 10:27:12.036] [INFO] cheese - 

Started 2016-01-16T02:27:12.036Z POST /search_pass ::1
[2016-01-16 10:27:12.055] [DEBUG] cheese - [35mMONGO[39m users.[34mfindOne[39m {"conditions":{"email":"1063784603@qq.com"},"options":{},"collectionName":"users"} [32m2ms[39m
[2016-01-16 10:27:12.073] [INFO] cheese - Render view notify/notify [32m(5ms)[39m
[2016-01-16 10:27:12.074] [INFO] cheese - Completed 200 [32m(38ms)[39m
[2016-01-16 10:27:56.877] [INFO] cheese - 

Started 2016-01-16T02:27:56.877Z GET / ::1
[2016-01-16 10:27:56.883] [DEBUG] cheese - [35mMONGO[39m topics.[34mfind[39m {"conditions":{"deleted":false},"options":{"skip":0,"limit":20,"sort":{"top":-1,"last_reply_at":-1},"fields":{}},"collectionName":"topics"} [32m4ms[39m
[2016-01-16 10:27:56.883] [DEBUG] cheese - [35mMONGO[39m users.[34mfind[39m {"conditions":{"is_block":false},"options":{"limit":10,"sort":{"score":-1}},"collectionName":"users"} [32m2ms[39m
[2016-01-16 10:27:56.885] [DEBUG] cheese - [35mMONGO[39m topics.[34mfind[39m {"conditions":{"deleted":false,"tab":{"$ne":"job"},"reply_count":0},"options":{"limit":5,"sort":{"create_at":-1},"fields":{}},"collectionName":"topics"} [32m3ms[39m
[2016-01-16 10:27:56.886] [DEBUG] cheese - Cache set tops [32m1ms[39m
[2016-01-16 10:27:56.887] [DEBUG] cheese - Cache set no_reply_topics [32m0ms[39m
[2016-01-16 10:27:56.888] [DEBUG] cheese - Cache set {"deleted":false}pages [32m1ms[39m
[2016-01-16 10:27:56.893] [INFO] cheese - Render view index [32m(5ms)[39m
[2016-01-16 10:27:56.895] [INFO] cheese - Completed 200 [32m(18ms)[39m
[2016-01-16 10:28:16.963] [INFO] cheese - 

Started 2016-01-16T02:28:16.963Z GET / ::1
[2016-01-16 10:28:16.966] [DEBUG] cheese - Cache get tops [32m1ms[39m
[2016-01-16 10:28:16.966] [DEBUG] cheese - Cache get no_reply_topics [32m1ms[39m
[2016-01-16 10:28:16.966] [DEBUG] cheese - Cache get {"deleted":false}pages [32m1ms[39m
[2016-01-16 10:28:16.967] [DEBUG] cheese - [35mMONGO[39m topics.[34mfind[39m {"conditions":{"deleted":false},"options":{"skip":0,"limit":20,"sort":{"top":-1,"last_reply_at":-1},"fields":{}},"collectionName":"topics"} [32m2ms[39m
[2016-01-16 10:28:16.968] [DEBUG] cheese - Cache set {"deleted":false}pages [32m0ms[39m
[2016-01-16 10:28:16.972] [INFO] cheese - Render view index [32m(4ms)[39m
[2016-01-16 10:28:16.973] [INFO] cheese - Completed 304 [32m(10ms)[39m
[2016-01-18 11:38:55.908] [INFO] cheese - NodeClub listening on port 3000
[2016-01-18 11:38:55.910] [INFO] cheese - God bless love....
[2016-01-18 11:38:55.911] [INFO] cheese - You can debug your app with http://localhost:3000
[2016-01-18 11:38:55.911] [INFO] cheese - 
[2016-01-18 11:39:08.189] [INFO] cheese - 

Started 2016-01-18T03:39:08.188Z GET / ::1
[2016-01-18 11:39:08.209] [DEBUG] cheese - [35mMONGO[39m topics.[34mfind[39m {"conditions":{"deleted":false},"options":{"skip":0,"limit":20,"sort":{"top":-1,"last_reply_at":-1},"fields":{}},"collectionName":"topics"} [32m7ms[39m
[2016-01-18 11:39:08.210] [DEBUG] cheese - [35mMONGO[39m users.[34mfind[39m {"conditions":{"is_block":false},"options":{"limit":10,"sort":{"score":-1}},"collectionName":"users"} [32m4ms[39m
[2016-01-18 11:39:08.216] [DEBUG] cheese - Cache set tops [32m1ms[39m
[2016-01-18 11:39:08.217] [DEBUG] cheese - Cache set {"deleted":false}pages [32m0ms[39m
[2016-01-18 11:39:08.217] [DEBUG] cheese - [35mMONGO[39m topics.[34mfind[39m {"conditions":{"deleted":false,"tab":{"$ne":"job"},"reply_count":0},"options":{"limit":5,"sort":{"create_at":-1},"fields":{}},"collectionName":"topics"} [32m11ms[39m
[2016-01-18 11:39:08.217] [DEBUG] cheese - Cache set no_reply_topics [32m0ms[39m
[2016-01-18 11:39:08.241] [INFO] cheese - Render view index [32m(23ms)[39m
[2016-01-18 11:39:08.245] [INFO] cheese - Completed 200 [32m(56ms)[39m
[2016-01-18 11:39:16.371] [INFO] cheese - 

Started 2016-01-18T03:39:16.371Z GET / ::1
[2016-01-18 11:39:16.374] [DEBUG] cheese - Cache get tops [32m1ms[39m
[2016-01-18 11:39:16.374] [DEBUG] cheese - Cache get no_reply_topics [32m1ms[39m
[2016-01-18 11:39:16.375] [DEBUG] cheese - Cache get {"deleted":false}pages [32m2ms[39m
[2016-01-18 11:39:16.376] [DEBUG] cheese - [35mMONGO[39m topics.[34mfind[39m {"conditions":{"deleted":false},"options":{"skip":0,"limit":20,"sort":{"top":-1,"last_reply_at":-1},"fields":{}},"collectionName":"topics"} [32m2ms[39m
[2016-01-18 11:39:16.376] [DEBUG] cheese - Cache set {"deleted":false}pages [32m0ms[39m
[2016-01-18 11:39:16.385] [INFO] cheese - Render view index [32m(8ms)[39m
[2016-01-18 11:39:16.386] [INFO] cheese - Completed 304 [32m(15ms)[39m
[2016-01-18 11:39:17.302] [INFO] cheese - 

Started 2016-01-18T03:39:17.302Z GET /getstart ::1
[2016-01-18 11:39:17.352] [INFO] cheese - Render view static/getstart [32m(48ms)[39m
[2016-01-18 11:39:17.353] [INFO] cheese - Completed 200 [32m(51ms)[39m
[2016-01-18 11:39:29.383] [INFO] cheese - 

Started 2016-01-18T03:39:29.382Z GET /getstart ::1
[2016-01-18 11:39:29.395] [INFO] cheese - Render view static/getstart [32m(10ms)[39m
[2016-01-18 11:39:29.395] [INFO] cheese - Completed 304 [32m(13ms)[39m
[2016-01-18 11:39:52.378] [INFO] cheese - 

Started 2016-01-18T03:39:52.378Z GET /api ::1
[2016-01-18 11:39:52.403] [INFO] cheese - Render view static/api [32m(13ms)[39m
[2016-01-18 11:39:52.405] [INFO] cheese - Completed 200 [32m(26ms)[39m
[2016-01-18 12:25:51.439] [ERROR] cheese - { [Error: Invalid login: 535 Error: ÇëÊ¹ÓÃÊÚÈ¨ÂëµÇÂ¼¡£ÏêÇéÇë¿´: http://service.mail.qq.com/cgi-bin/help?subtype=1&&id=28&&no=1001256]
  code: 'EAUTH',
  response: '535 Error: ÇëÊ¹ÓÃÊÚÈ¨ÂëµÇÂ¼¡£ÏêÇéÇë¿´: http://service.mail.qq.com/cgi-bin/help?subtype=1&&id=28&&no=1001256',
  responseCode: 535 }
Error: Invalid login: 535 Error: ÇëÊ¹ÓÃÊÚÈ¨ÂëµÇÂ¼¡£ÏêÇéÇë¿´: http://service.mail.qq.com/cgi-bin/help?subtype=1&&id=28&&no=1001256
  at SMTPConnection._formatError (/Users/apple/Code/node/nodeclub/node_modules/nodemailer-smtp-transport/node_modules/smtp-connection/src/smtp-connection.js:384:15)
  at SMTPConnection._actionAUTHComplete (/Users/apple/Code/node/nodeclub/node_modules/nodemailer-smtp-transport/node_modules/smtp-connection/src/smtp-connection.js:878:30)
  at SMTPConnection.<anonymous> (/Users/apple/Code/node/nodeclub/node_modules/nodemailer-smtp-transport/node_modules/smtp-connection/src/smtp-connection.js:239:22)
  at SMTPConnection._processResponse (/Users/apple/Code/node/nodeclub/node_modules/nodemailer-smtp-transport/node_modules/smtp-connection/src/smtp-connection.js:516:16)
  at SMTPConnection._onData (/Users/apple/Code/node/nodeclub/node_modules/nodemailer-smtp-transport/node_modules/smtp-connection/src/smtp-connection.js:353:10)
  at emitOne (events.js:77:13)
  at TLSSocket.emit (events.js:169:7)
  at readableAddChunk (_stream_readable.js:146:16)
  at TLSSocket.Readable.push (_stream_readable.js:110:10)
  at TLSWrap.onread (net.js:523:20)

[2016-01-18 13:23:08.030] [INFO] cheese - NodeClub listening on port 3000
[2016-01-18 13:23:08.032] [INFO] cheese - God bless love....
[2016-01-18 13:23:08.033] [INFO] cheese - You can debug your app with http://localhost:3000
[2016-01-18 13:23:08.033] [INFO] cheese - 
[2016-01-18 13:23:18.518] [INFO] cheese - 

Started 2016-01-18T05:23:18.518Z GET / ::1
[2016-01-18 13:23:18.538] [DEBUG] cheese - [35mMONGO[39m topics.[34mfind[39m {"conditions":{"deleted":false},"options":{"skip":0,"limit":20,"sort":{"top":-1,"last_reply_at":-1},"fields":{}},"collectionName":"topics"} [32m7ms[39m
[2016-01-18 13:23:18.539] [DEBUG] cheese - [35mMONGO[39m users.[34mfind[39m {"conditions":{"is_block":false},"options":{"limit":10,"sort":{"score":-1}},"collectionName":"users"} [32m4ms[39m
[2016-01-18 13:23:18.545] [DEBUG] cheese - [35mMONGO[39m topics.[34mfind[39m {"conditions":{"deleted":false,"tab":{"$ne":"job"},"reply_count":0},"options":{"limit":5,"sort":{"create_at":-1},"fields":{}},"collectionName":"topics"} [32m9ms[39m
[2016-01-18 13:23:18.547] [DEBUG] cheese - Cache set tops [32m1ms[39m
[2016-01-18 13:23:18.547] [DEBUG] cheese - Cache set no_reply_topics [32m0ms[39m
[2016-01-18 13:23:18.548] [DEBUG] cheese - Cache set {"deleted":false}pages [32m0ms[39m
[2016-01-18 13:23:18.573] [INFO] cheese - Render view index [32m(25ms)[39m
[2016-01-18 13:23:18.577] [INFO] cheese - Completed 200 [32m(59ms)[39m
[2016-01-18 13:23:21.045] [INFO] cheese - 

Started 2016-01-18T05:23:21.045Z GET /signin ::1
[2016-01-18 13:23:21.058] [INFO] cheese - Render view sign/signin [32m(10ms)[39m
[2016-01-18 13:23:21.059] [INFO] cheese - Completed 200 [32m(14ms)[39m
[2016-01-18 13:23:25.849] [INFO] cheese - 

Started 2016-01-18T05:23:25.849Z POST /signin ::1
[2016-01-18 13:23:25.869] [DEBUG] cheese - [35mMONGO[39m users.[34mfindOne[39m {"conditions":{"loginname":"firezyz"},"options":{},"collectionName":"users"} [32m2ms[39m
[2016-01-18 13:23:26.112] [INFO] cheese - Completed 302 [32m(263ms)[39m
[2016-01-18 13:23:26.116] [INFO] cheese - 

Started 2016-01-18T05:23:26.116Z GET / ::1
[2016-01-18 13:23:26.119] [DEBUG] cheese - [35mMONGO[39m users.[34mfindOne[39m {"conditions":{"_id":"569924fdebaeac398be29947"},"options":{},"collectionName":"users"} [32m1ms[39m
[2016-01-18 13:23:26.126] [DEBUG] cheese - Cache get tops [32m1ms[39m
[2016-01-18 13:23:26.126] [DEBUG] cheese - Cache get no_reply_topics [32m1ms[39m
[2016-01-18 13:23:26.126] [DEBUG] cheese - Cache get {"deleted":false}pages [32m1ms[39m
[2016-01-18 13:23:26.127] [DEBUG] cheese - [35mMONGO[39m topics.[34mfind[39m {"conditions":{"deleted":false},"options":{"skip":0,"limit":20,"sort":{"top":-1,"last_reply_at":-1},"fields":{}},"collectionName":"topics"} [32m2ms[39m
[2016-01-18 13:23:26.127] [DEBUG] cheese - Cache set {"deleted":false}pages [32m0ms[39m
[2016-01-18 13:23:26.138] [INFO] cheese - Render view index [32m(10ms)[39m
[2016-01-18 13:23:26.139] [INFO] cheese - Completed 200 [32m(22ms)[39m
[2016-01-18 13:23:33.210] [INFO] cheese - 

Started 2016-01-18T05:23:33.210Z GET /topic/create ::1
[2016-01-18 13:23:33.223] [INFO] cheese - Render view topic/edit [32m(9ms)[39m
[2016-01-18 13:23:33.224] [INFO] cheese - Completed 200 [32m(14ms)[39m
[2016-01-18 13:27:14.605] [INFO] cheese - 

Started 2016-01-18T05:27:14.604Z POST /topic/create ::1
[2016-01-18 13:27:14.619] [DEBUG] cheese - Cache set 20160118^_^@T_Tperuserperday^_^@T_Tcreate_topic^_^@T_Tfirezyz [32m0ms[39m
[2016-01-18 13:27:14.636] [DEBUG] cheese - [35mMONGO[39m users.[34mfindOne[39m {"conditions":{"_id":"569924fdebaeac398be29947"},"options":{},"collectionName":"users"} [32m1ms[39m
[2016-01-18 13:27:14.647] [INFO] cheese - Completed 302 [32m(43ms)[39m
[2016-01-18 13:27:14.649] [INFO] cheese - 

Started 2016-01-18T05:27:14.649Z GET /topic/569c77b28cb905c9c322a03b ::1
[2016-01-18 13:27:14.655] [DEBUG] cheese - [35mMONGO[39m topics.[34mfindOne[39m {"conditions":{"deleted":false,"_id":"569c77b28cb905c9c322a03b"},"options":{},"collectionName":"topics"} [32m0ms[39m
[2016-01-18 13:27:14.660] [DEBUG] cheese - [35mMONGO[39m users.[34mfindOne[39m {"conditions":{"_id":"569924fdebaeac398be29947"},"options":{},"collectionName":"users"} [32m2ms[39m
[2016-01-18 13:27:14.663] [DEBUG] cheese - [35mMONGO[39m replies.[34mfind[39m {"conditions":{"deleted":false,"topic_id":"569c77b28cb905c9c322a03b"},"options":{"sort":{"create_at":1}},"collectionName":"replies"} [32m5ms[39m
[2016-01-18 13:27:14.669] [DEBUG] cheese - [35mMONGO[39m topics.[34mfind[39m {"conditions":{"deleted":false,"_id":{"$nin":["569c77b28cb905c9c322a03b"]},"author_id":"569924fdebaeac398be29947"},"options":{"limit":5,"sort":{"last_reply_at":-1},"fields":{}},"collectionName":"topics"} [32m2ms[39m
[2016-01-18 13:27:14.670] [DEBUG] cheese - [35mMONGO[39m topics.[34mfind[39m {"conditions":{"deleted":false,"tab":{"$ne":"job"},"reply_count":0},"options":{"limit":5,"sort":{"create_at":-1},"fields":{}},"collectionName":"topics"} [32m1ms[39m
[2016-01-18 13:27:14.671] [DEBUG] cheese - [35mMONGO[39m users.[34mfindOne[39m {"conditions":{"_id":"569924fdebaeac398be29947"},"options":{},"collectionName":"users"} [32m0ms[39m
[2016-01-18 13:27:14.673] [DEBUG] cheese - Cache set no_reply_topics [32m1ms[39m
[2016-01-18 13:27:14.729] [INFO] cheese - Render view topic/index [32m(56ms)[39m
[2016-01-18 13:27:14.731] [INFO] cheese - Completed 200 [32m(81ms)[39m
[2016-01-18 13:27:22.978] [INFO] cheese - 

Started 2016-01-18T05:27:22.978Z GET /topic/569c77b28cb905c9c322a03b ::1
[2016-01-18 13:27:22.981] [DEBUG] cheese - [35mMONGO[39m topics.[34mfindOne[39m {"conditions":{"deleted":false,"_id":"569c77b28cb905c9c322a03b"},"options":{},"collectionName":"topics"} [32m1ms[39m
[2016-01-18 13:27:22.983] [DEBUG] cheese - [35mMONGO[39m users.[34mfindOne[39m {"conditions":{"_id":"569924fdebaeac398be29947"},"options":{},"collectionName":"users"} [32m1ms[39m
[2016-01-18 13:27:22.984] [DEBUG] cheese - [35mMONGO[39m replies.[34mfind[39m {"conditions":{"deleted":false,"topic_id":"569c77b28cb905c9c322a03b"},"options":{"sort":{"create_at":1}},"collectionName":"replies"} [32m1ms[39m
[2016-01-18 13:27:22.986] [DEBUG] cheese - Cache get no_reply_topics [32m2ms[39m
[2016-01-18 13:27:22.986] [DEBUG] cheese - [35mMONGO[39m topics.[34mfind[39m {"conditions":{"deleted":false,"_id":{"$nin":["569c77b28cb905c9c322a03b"]},"author_id":"569924fdebaeac398be29947"},"options":{"limit":5,"sort":{"last_reply_at":-1},"fields":{}},"collectionName":"topics"} [32m1ms[39m
[2016-01-18 13:27:22.998] [INFO] cheese - Render view topic/index [32m(12ms)[39m
[2016-01-18 13:27:22.999] [INFO] cheese - Completed 200 [32m(21ms)[39m
[2016-01-18 13:27:27.688] [INFO] cheese - 

Started 2016-01-18T05:27:27.688Z GET /my/messages ::1
[2016-01-18 13:27:27.696] [DEBUG] cheese - [35mMONGO[39m messages.[34mfind[39m {"conditions":{"has_read":true,"master_id":"569924fdebaeac398be29947"},"options":{"sort":{"create_at":-1},"limit":20},"collectionName":"messages"} [32m1ms[39m
[2016-01-18 13:27:27.696] [DEBUG] cheese - [35mMONGO[39m messages.[34mfind[39m {"conditions":{"has_read":false,"master_id":"569924fdebaeac398be29947"},"options":{"sort":{"create_at":-1}},"collectionName":"messages"} [32m1ms[39m
[2016-01-18 13:27:27.705] [INFO] cheese - Render view message/index [32m(8ms)[39m
[2016-01-18 13:27:27.706] [INFO] cheese - Completed 200 [32m(18ms)[39m
[2016-01-18 13:28:02.435] [INFO] cheese - 

Started 2016-01-18T05:28:02.435Z POST /signout ::1
[2016-01-18 13:28:02.440] [INFO] cheese - Completed 302 [32m(5ms)[39m
[2016-01-18 13:28:02.443] [INFO] cheese - 

Started 2016-01-18T05:28:02.443Z GET / ::1
[2016-01-18 13:28:02.445] [DEBUG] cheese - Cache get no_reply_topics [32m1ms[39m
[2016-01-18 13:28:02.446] [DEBUG] cheese - [35mMONGO[39m topics.[34mfind[39m {"conditions":{"deleted":false},"options":{"skip":0,"limit":20,"sort":{"top":-1,"last_reply_at":-1},"fields":{}},"collectionName":"topics"} [32m1ms[39m
[2016-01-18 13:28:02.448] [DEBUG] cheese - Cache set {"deleted":false}pages [32m0ms[39m
[2016-01-18 13:28:02.448] [DEBUG] cheese - [35mMONGO[39m users.[34mfind[39m {"conditions":{"is_block":false},"options":{"limit":10,"sort":{"score":-1}},"collectionName":"users"} [32m2ms[39m
[2016-01-18 13:28:02.450] [DEBUG] cheese - Cache set tops [32m1ms[39m
[2016-01-18 13:28:02.451] [DEBUG] cheese - [35mMONGO[39m users.[34mfindOne[39m {"conditions":{"_id":"569924fdebaeac398be29947"},"options":{},"collectionName":"users"} [32m4ms[39m
[2016-01-18 13:28:02.467] [INFO] cheese - Render view index [32m(13ms)[39m
[2016-01-18 13:28:02.468] [INFO] cheese - Completed 200 [32m(25ms)[39m
[2016-01-18 13:28:04.682] [INFO] cheese - 

Started 2016-01-18T05:28:04.682Z GET /signin ::1
[2016-01-18 13:28:04.688] [INFO] cheese - Render view sign/signin [32m(5ms)[39m
[2016-01-18 13:28:04.689] [INFO] cheese - Completed 200 [32m(7ms)[39m
[2016-01-18 13:28:10.915] [INFO] cheese - 

Started 2016-01-18T05:28:10.915Z POST /signin ::1
[2016-01-18 13:28:10.918] [DEBUG] cheese - [35mMONGO[39m users.[34mfindOne[39m {"conditions":{"loginname":"zhangyuzhu"},"options":{},"collectionName":"users"} [32m1ms[39m
[2016-01-18 13:28:11.155] [INFO] cheese - Completed 302 [32m(240ms)[39m
[2016-01-18 13:28:11.159] [INFO] cheese - 

Started 2016-01-18T05:28:11.159Z GET / ::1
[2016-01-18 13:28:11.161] [DEBUG] cheese - [35mMONGO[39m users.[34mfindOne[39m {"conditions":{"_id":"569c694eb2077eb09943ce0a"},"options":{},"collectionName":"users"} [32m1ms[39m
[2016-01-18 13:28:11.165] [DEBUG] cheese - Cache get tops [32m1ms[39m
[2016-01-18 13:28:11.165] [DEBUG] cheese - Cache get no_reply_topics [32m1ms[39m
[2016-01-18 13:28:11.165] [DEBUG] cheese - Cache get {"deleted":false}pages [32m1ms[39m
[2016-01-18 13:28:11.166] [DEBUG] cheese - [35mMONGO[39m topics.[34mfind[39m {"conditions":{"deleted":false},"options":{"skip":0,"limit":20,"sort":{"top":-1,"last_reply_at":-1},"fields":{}},"collectionName":"topics"} [32m2ms[39m
[2016-01-18 13:28:11.167] [DEBUG] cheese - [35mMONGO[39m users.[34mfindOne[39m {"conditions":{"_id":"569924fdebaeac398be29947"},"options":{},"collectionName":"users"} [32m1ms[39m
[2016-01-18 13:28:11.176] [INFO] cheese - Render view index [32m(8ms)[39m
[2016-01-18 13:28:11.177] [INFO] cheese - Completed 200 [32m(18ms)[39m
[2016-01-18 13:28:16.856] [INFO] cheese - 

Started 2016-01-18T05:28:16.856Z GET /topic/569c77b28cb905c9c322a03b ::1
[2016-01-18 13:28:16.861] [DEBUG] cheese - [35mMONGO[39m topics.[34mfindOne[39m {"conditions":{"deleted":false,"_id":"569c77b28cb905c9c322a03b"},"options":{},"collectionName":"topics"} [32m1ms[39m
[2016-01-18 13:28:16.863] [DEBUG] cheese - [35mMONGO[39m users.[34mfindOne[39m {"conditions":{"_id":"569924fdebaeac398be29947"},"options":{},"collectionName":"users"} [32m1ms[39m
[2016-01-18 13:28:16.864] [DEBUG] cheese - [35mMONGO[39m replies.[34mfind[39m {"conditions":{"deleted":false,"topic_id":"569c77b28cb905c9c322a03b"},"options":{"sort":{"create_at":1}},"collectionName":"replies"} [32m2ms[39m
[2016-01-18 13:28:16.867] [DEBUG] cheese - [35mMONGO[39m topics.[34mfind[39m {"conditions":{"deleted":false,"_id":{"$nin":["569c77b28cb905c9c322a03b"]},"author_id":"569924fdebaeac398be29947"},"options":{"limit":5,"sort":{"last_reply_at":-1},"fields":{}},"collectionName":"topics"} [32m1ms[39m
[2016-01-18 13:28:16.868] [DEBUG] cheese - [35mMONGO[39m topics.[34mfind[39m {"conditions":{"deleted":false,"tab":{"$ne":"job"},"reply_count":0},"options":{"limit":5,"sort":{"create_at":-1},"fields":{}},"collectionName":"topics"} [32m1ms[39m
[2016-01-18 13:28:16.869] [DEBUG] cheese - [35mMONGO[39m users.[34mfindOne[39m {"conditions":{"_id":"569924fdebaeac398be29947"},"options":{},"collectionName":"users"} [32m0ms[39m
[2016-01-18 13:28:16.870] [DEBUG] cheese - Cache set no_reply_topics [32m0ms[39m
[2016-01-18 13:28:16.908] [INFO] cheese - Render view topic/index [32m(38ms)[39m
[2016-01-18 13:28:16.910] [INFO] cheese - Completed 200 [32m(54ms)[39m
[2016-01-18 13:28:36.414] [INFO] cheese - 

Started 2016-01-18T05:28:36.414Z POST /569c77b28cb905c9c322a03b/reply ::1
[2016-01-18 13:28:36.420] [DEBUG] cheese - Cache set 20160118^_^@T_Tperuserperday^_^@T_Tcreate_reply^_^@T_Tzhangyuzhu [32m0ms[39m
[2016-01-18 13:28:36.423] [DEBUG] cheese - [35mMONGO[39m topics.[34mfindOne[39m {"conditions":{"_id":"569c77b28cb905c9c322a03b"},"options":{},"collectionName":"topics"} [32m2ms[39m
[2016-01-18 13:28:36.424] [DEBUG] cheese - [35mMONGO[39m users.[34mfindOne[39m {"conditions":{"_id":"569924fdebaeac398be29947"},"options":{},"collectionName":"users"} [32m0ms[39m
[2016-01-18 13:28:36.431] [DEBUG] cheese - [35mMONGO[39m users.[34mfindOne[39m {"conditions":{"_id":"569c694eb2077eb09943ce0a"},"options":{},"collectionName":"users"} [32m1ms[39m
[2016-01-18 13:28:36.435] [DEBUG] cheese - [35mMONGO[39m topics.[34mfindOne[39m {"conditions":{"_id":"569c77b28cb905c9c322a03b"},"options":{},"collectionName":"topics"} [32m1ms[39m
[2016-01-18 13:28:36.443] [INFO] cheese - Completed 302 [32m(29ms)[39m
[2016-01-18 13:28:36.449] [INFO] cheese - 

Started 2016-01-18T05:28:36.449Z GET /topic/569c77b28cb905c9c322a03b ::1
[2016-01-18 13:28:36.453] [DEBUG] cheese - [35mMONGO[39m topics.[34mfindOne[39m {"conditions":{"deleted":false,"_id":"569c77b28cb905c9c322a03b"},"options":{},"collectionName":"topics"} [32m1ms[39m
[2016-01-18 13:28:36.455] [DEBUG] cheese - [35mMONGO[39m users.[34mfindOne[39m {"conditions":{"_id":"569924fdebaeac398be29947"},"options":{},"collectionName":"users"} [32m1ms[39m
[2016-01-18 13:28:36.455] [DEBUG] cheese - [35mMONGO[39m replies.[34mfind[39m {"conditions":{"deleted":false,"topic_id":"569c77b28cb905c9c322a03b"},"options":{"sort":{"create_at":1}},"collectionName":"replies"} [32m1ms[39m
[2016-01-18 13:28:36.457] [DEBUG] cheese - [35mMONGO[39m users.[34mfindOne[39m {"conditions":{"_id":"569c694eb2077eb09943ce0a"},"options":{},"collectionName":"users"} [32m0ms[39m
[2016-01-18 13:28:36.464] [DEBUG] cheese - Cache get no_reply_topics [32m4ms[39m
[2016-01-18 13:28:36.465] [DEBUG] cheese - [35mMONGO[39m topics.[34mfind[39m {"conditions":{"deleted":false,"_id":{"$nin":["569c77b28cb905c9c322a03b"]},"author_id":"569924fdebaeac398be29947"},"options":{"limit":5,"sort":{"last_reply_at":-1},"fields":{}},"collectionName":"topics"} [32m3ms[39m
[2016-01-18 13:28:36.490] [INFO] cheese - Render view topic/index [32m(24ms)[39m
[2016-01-18 13:28:36.491] [INFO] cheese - Completed 200 [32m(42ms)[39m
[2016-01-18 13:28:39.586] [INFO] cheese - 

Started 2016-01-18T05:28:39.586Z POST /signout ::1
[2016-01-18 13:28:39.590] [INFO] cheese - Completed 302 [32m(4ms)[39m
[2016-01-18 13:28:39.595] [INFO] cheese - 

Started 2016-01-18T05:28:39.595Z GET / ::1
[2016-01-18 13:28:39.597] [DEBUG] cheese - Cache get tops [32m1ms[39m
[2016-01-18 13:28:39.597] [DEBUG] cheese - Cache get no_reply_topics [32m1ms[39m
[2016-01-18 13:28:39.598] [DEBUG] cheese - Cache get {"deleted":false}pages [32m2ms[39m
[2016-01-18 13:28:39.598] [DEBUG] cheese - [35mMONGO[39m topics.[34mfind[39m {"conditions":{"deleted":false},"options":{"skip":0,"limit":20,"sort":{"top":-1,"last_reply_at":-1},"fields":{}},"collectionName":"topics"} [32m1ms[39m
[2016-01-18 13:28:39.600] [DEBUG] cheese - [35mMONGO[39m users.[34mfindOne[39m {"conditions":{"_id":"569924fdebaeac398be29947"},"options":{},"collectionName":"users"} [32m1ms[39m
[2016-01-18 13:28:39.601] [DEBUG] cheese - [35mMONGO[39m replies.[34mfindOne[39m {"conditions":{"_id":"569c78048cb905c9c322a03c"},"options":{},"collectionName":"replies"} [32m1ms[39m
[2016-01-18 13:28:39.603] [DEBUG] cheese - [35mMONGO[39m users.[34mfindOne[39m {"conditions":{"_id":"569c694eb2077eb09943ce0a"},"options":{},"collectionName":"users"} [32m0ms[39m
[2016-01-18 13:28:39.612] [INFO] cheese - Render view index [32m(8ms)[39m
[2016-01-18 13:28:39.613] [INFO] cheese - Completed 200 [32m(18ms)[39m
[2016-01-18 13:28:42.415] [INFO] cheese - 

Started 2016-01-18T05:28:42.415Z GET /signin ::1
[2016-01-18 13:28:42.420] [INFO] cheese - Render view sign/signin [32m(4ms)[39m
[2016-01-18 13:28:42.421] [INFO] cheese - Completed 200 [32m(6ms)[39m
[2016-01-18 13:28:48.771] [INFO] cheese - 

Started 2016-01-18T05:28:48.771Z POST /signin ::1
[2016-01-18 13:28:48.773] [DEBUG] cheese - [35mMONGO[39m users.[34mfindOne[39m {"conditions":{"loginname":"firezyz"},"options":{},"collectionName":"users"} [32m0ms[39m
[2016-01-18 13:28:49.010] [INFO] cheese - Completed 302 [32m(239ms)[39m
[2016-01-18 13:28:49.014] [INFO] cheese - 

Started 2016-01-18T05:28:49.014Z GET / ::1
[2016-01-18 13:28:49.016] [DEBUG] cheese - [35mMONGO[39m users.[34mfindOne[39m {"conditions":{"_id":"569924fdebaeac398be29947"},"options":{},"collectionName":"users"} [32m1ms[39m
[2016-01-18 13:28:49.020] [DEBUG] cheese - Cache get tops [32m1ms[39m
[2016-01-18 13:28:49.020] [DEBUG] cheese - Cache get no_reply_topics [32m1ms[39m
[2016-01-18 13:28:49.022] [DEBUG] cheese - Cache get {"deleted":false}pages [32m3ms[39m
[2016-01-18 13:28:49.023] [DEBUG] cheese - [35mMONGO[39m topics.[34mfind[39m {"conditions":{"deleted":false},"options":{"skip":0,"limit":20,"sort":{"top":-1,"last_reply_at":-1},"fields":{}},"collectionName":"topics"} [32m4ms[39m
[2016-01-18 13:28:49.024] [DEBUG] cheese - [35mMONGO[39m users.[34mfindOne[39m {"conditions":{"_id":"569924fdebaeac398be29947"},"options":{},"collectionName":"users"} [32m1ms[39m
[2016-01-18 13:28:49.025] [DEBUG] cheese - [35mMONGO[39m replies.[34mfindOne[39m {"conditions":{"_id":"569c78048cb905c9c322a03c"},"options":{},"collectionName":"replies"} [32m1ms[39m
[2016-01-18 13:28:49.027] [DEBUG] cheese - [35mMONGO[39m users.[34mfindOne[39m {"conditions":{"_id":"569c694eb2077eb09943ce0a"},"options":{},"collectionName":"users"} [32m1ms[39m
[2016-01-18 13:28:49.041] [INFO] cheese - Render view index [32m(13ms)[39m
[2016-01-18 13:28:49.042] [INFO] cheese - Completed 200 [32m(28ms)[39m
[2016-01-18 13:28:54.666] [INFO] cheese - 

Started 2016-01-18T05:28:54.666Z GET /my/messages ::1
[2016-01-18 13:28:54.671] [DEBUG] cheese - [35mMONGO[39m messages.[34mfind[39m {"conditions":{"has_read":true,"master_id":"569924fdebaeac398be29947"},"options":{"sort":{"create_at":-1},"limit":20},"collectionName":"messages"} [32m1ms[39m
[2016-01-18 13:28:54.671] [DEBUG] cheese - [35mMONGO[39m messages.[34mfind[39m {"conditions":{"has_read":false,"master_id":"569924fdebaeac398be29947"},"options":{"sort":{"create_at":-1}},"collectionName":"messages"} [32m1ms[39m
[2016-01-18 13:28:54.677] [DEBUG] cheese - [35mMONGO[39m users.[34mfindOne[39m {"conditions":{"_id":"569c694eb2077eb09943ce0a"},"options":{},"collectionName":"users"} [32m2ms[39m
[2016-01-18 13:28:54.678] [DEBUG] cheese - [35mMONGO[39m topics.[34mfindOne[39m {"conditions":{"_id":"569c77b28cb905c9c322a03b"},"options":{},"collectionName":"topics"} [32m2ms[39m
[2016-01-18 13:28:54.679] [DEBUG] cheese - [35mMONGO[39m replies.[34mfindOne[39m {"conditions":{"_id":"569c78048cb905c9c322a03c"},"options":{},"collectionName":"replies"} [32m3ms[39m
[2016-01-18 13:28:54.683] [DEBUG] cheese - [35mMONGO[39m messages.[34mupdate[39m {"conditions":{"_id":{"$in":["569c78048cb905c9c322a03d"]},"master_id":"569924fdebaeac398be29947"},"doc":{"$set":{"has_read":true}},"options":{"multi":true},"collectionName":"messages"} [32m7ms[39m
[2016-01-18 13:28:54.683] [DEBUG] cheese - [35mMONGO[39m users.[34mfindOne[39m {"conditions":{"_id":"569924fdebaeac398be29947"},"options":{},"collectionName":"users"} [32m3ms[39m
[2016-01-18 13:28:54.684] [DEBUG] cheese - [35mMONGO[39m replies.[34mfindOne[39m {"conditions":{"_id":"569c78048cb905c9c322a03c"},"options":{},"collectionName":"replies"} [32m4ms[39m
[2016-01-18 13:28:54.688] [DEBUG] cheese - [35mMONGO[39m users.[34mfindOne[39m {"conditions":{"_id":"569c694eb2077eb09943ce0a"},"options":{},"collectionName":"users"} [32m7ms[39m
[2016-01-18 13:28:54.689] [DEBUG] cheese - [35mMONGO[39m users.[34mfindOne[39m {"conditions":{"_id":"569c694eb2077eb09943ce0a"},"options":{},"collectionName":"users"} [32m2ms[39m
[2016-01-18 13:28:54.702] [INFO] cheese - Render view message/index [32m(11ms)[39m
[2016-01-18 13:28:54.702] [INFO] cheese - Completed 200 [32m(36ms)[39m
[2016-01-18 13:28:57.423] [INFO] cheese - 

Started 2016-01-18T05:28:57.423Z GET /topic/569c77b28cb905c9c322a03b ::1
[2016-01-18 13:28:57.429] [DEBUG] cheese - [35mMONGO[39m topics.[34mfindOne[39m {"conditions":{"deleted":false,"_id":"569c77b28cb905c9c322a03b"},"options":{},"collectionName":"topics"} [32m0ms[39m
[2016-01-18 13:28:57.430] [DEBUG] cheese - [35mMONGO[39m users.[34mfindOne[39m {"conditions":{"_id":"569924fdebaeac398be29947"},"options":{},"collectionName":"users"} [32m1ms[39m
[2016-01-18 13:28:57.431] [DEBUG] cheese - [35mMONGO[39m replies.[34mfind[39m {"conditions":{"deleted":false,"topic_id":"569c77b28cb905c9c322a03b"},"options":{"sort":{"create_at":1}},"collectionName":"replies"} [32m1ms[39m
[2016-01-18 13:28:57.433] [DEBUG] cheese - [35mMONGO[39m users.[34mfindOne[39m {"conditions":{"_id":"569c694eb2077eb09943ce0a"},"options":{},"collectionName":"users"} [32m1ms[39m
[2016-01-18 13:28:57.436] [DEBUG] cheese - Cache get no_reply_topics [32m2ms[39m
[2016-01-18 13:28:57.436] [DEBUG] cheese - [35mMONGO[39m topics.[34mfind[39m {"conditions":{"deleted":false,"_id":{"$nin":["569c77b28cb905c9c322a03b"]},"author_id":"569924fdebaeac398be29947"},"options":{"limit":5,"sort":{"last_reply_at":-1},"fields":{}},"collectionName":"topics"} [32m1ms[39m
[2016-01-18 13:28:57.448] [INFO] cheese - Render view topic/index [32m(12ms)[39m
[2016-01-18 13:28:57.449] [INFO] cheese - Completed 200 [32m(26ms)[39m
[2016-01-18 13:29:03.970] [INFO] cheese - 

Started 2016-01-18T05:29:03.970Z GET / ::1
[2016-01-18 13:29:03.976] [DEBUG] cheese - Cache get no_reply_topics [32m2ms[39m
[2016-01-18 13:29:03.977] [DEBUG] cheese - [35mMONGO[39m topics.[34mfind[39m {"conditions":{"deleted":false},"options":{"skip":0,"limit":20,"sort":{"top":-1,"last_reply_at":-1},"fields":{}},"collectionName":"topics"} [32m2ms[39m
[2016-01-18 13:29:03.979] [DEBUG] cheese - Cache set {"deleted":false}pages [32m0ms[39m
[2016-01-18 13:29:03.980] [DEBUG] cheese - [35mMONGO[39m users.[34mfind[39m {"conditions":{"is_block":false},"options":{"limit":10,"sort":{"score":-1}},"collectionName":"users"} [32m4ms[39m
[2016-01-18 13:29:03.982] [DEBUG] cheese - [35mMONGO[39m users.[34mfindOne[39m {"conditions":{"_id":"569924fdebaeac398be29947"},"options":{},"collectionName":"users"} [32m4ms[39m
[2016-01-18 13:29:03.983] [DEBUG] cheese - Cache set tops [32m0ms[39m
[2016-01-18 13:29:03.984] [DEBUG] cheese - [35mMONGO[39m replies.[34mfindOne[39m {"conditions":{"_id":"569c78048cb905c9c322a03c"},"options":{},"collectionName":"replies"} [32m6ms[39m
[2016-01-18 13:29:03.986] [DEBUG] cheese - [35mMONGO[39m users.[34mfindOne[39m {"conditions":{"_id":"569c694eb2077eb09943ce0a"},"options":{},"collectionName":"users"} [32m1ms[39m
[2016-01-18 13:29:03.996] [INFO] cheese - Render view index [32m(9ms)[39m
[2016-01-18 13:29:03.997] [INFO] cheese - Completed 200 [32m(27ms)[39m
[2016-01-18 13:29:07.389] [INFO] cheese - 

Started 2016-01-18T05:29:07.389Z GET /topic/569c77b28cb905c9c322a03b ::1
[2016-01-18 13:29:07.393] [DEBUG] cheese - [35mMONGO[39m topics.[34mfindOne[39m {"conditions":{"deleted":false,"_id":"569c77b28cb905c9c322a03b"},"options":{},"collectionName":"topics"} [32m1ms[39m
[2016-01-18 13:29:07.395] [DEBUG] cheese - [35mMONGO[39m users.[34mfindOne[39m {"conditions":{"_id":"569924fdebaeac398be29947"},"options":{},"collectionName":"users"} [32m1ms[39m
[2016-01-18 13:29:07.396] [DEBUG] cheese - [35mMONGO[39m replies.[34mfind[39m {"conditions":{"deleted":false,"topic_id":"569c77b28cb905c9c322a03b"},"options":{"sort":{"create_at":1}},"collectionName":"replies"} [32m1ms[39m
[2016-01-18 13:29:07.397] [DEBUG] cheese - [35mMONGO[39m users.[34mfindOne[39m {"conditions":{"_id":"569c694eb2077eb09943ce0a"},"options":{},"collectionName":"users"} [32m0ms[39m
[2016-01-18 13:29:07.401] [DEBUG] cheese - Cache get no_reply_topics [32m2ms[39m
[2016-01-18 13:29:07.402] [DEBUG] cheese - [35mMONGO[39m topics.[34mfind[39m {"conditions":{"deleted":false,"_id":{"$nin":["569c77b28cb905c9c322a03b"]},"author_id":"569924fdebaeac398be29947"},"options":{"limit":5,"sort":{"last_reply_at":-1},"fields":{}},"collectionName":"topics"} [32m1ms[39m
[2016-01-18 13:29:07.412] [INFO] cheese - Render view topic/index [32m(9ms)[39m
[2016-01-18 13:29:07.413] [INFO] cheese - Completed 200 [32m(24ms)[39m
[2016-01-18 13:29:19.780] [INFO] cheese - 

Started 2016-01-18T05:29:19.780Z POST /569c77b28cb905c9c322a03b/reply ::1
[2016-01-18 13:29:19.786] [DEBUG] cheese - Cache set 20160118^_^@T_Tperuserperday^_^@T_Tcreate_reply^_^@T_Tfirezyz [32m0ms[39m
[2016-01-18 13:29:19.787] [DEBUG] cheese - [35mMONGO[39m topics.[34mfindOne[39m {"conditions":{"_id":"569c77b28cb905c9c322a03b"},"options":{},"collectionName":"topics"} [32m0ms[39m
[2016-01-18 13:29:19.789] [DEBUG] cheese - [35mMONGO[39m users.[34mfindOne[39m {"conditions":{"_id":"569924fdebaeac398be29947"},"options":{},"collectionName":"users"} [32m1ms[39m
[2016-01-18 13:29:19.793] [DEBUG] cheese - [35mMONGO[39m users.[34mfindOne[39m {"conditions":{"_id":"569924fdebaeac398be29947"},"options":{},"collectionName":"users"} [32m1ms[39m
[2016-01-18 13:29:19.794] [DEBUG] cheese - [35mMONGO[39m topics.[34mfindOne[39m {"conditions":{"_id":"569c77b28cb905c9c322a03b"},"options":{},"collectionName":"topics"} [32m2ms[39m
[2016-01-18 13:29:19.798] [INFO] cheese - Completed 302 [32m(18ms)[39m
[2016-01-18 13:29:19.799] [DEBUG] cheese - [35mMONGO[39m users.[34mfind[39m {"conditions":{"loginname":{"$in":["zhangyuzhu"]}},"options":{},"collectionName":"users"} [32m1ms[39m
[2016-01-18 13:29:19.802] [INFO] cheese - 

Started 2016-01-18T05:29:19.802Z GET /topic/569c77b28cb905c9c322a03b ::1
[2016-01-18 13:29:19.806] [DEBUG] cheese - [35mMONGO[39m topics.[34mfindOne[39m {"conditions":{"deleted":false,"_id":"569c77b28cb905c9c322a03b"},"options":{},"collectionName":"topics"} [32m1ms[39m
[2016-01-18 13:29:19.808] [DEBUG] cheese - [35mMONGO[39m users.[34mfindOne[39m {"conditions":{"_id":"569924fdebaeac398be29947"},"options":{},"collectionName":"users"} [32m1ms[39m
[2016-01-18 13:29:19.809] [DEBUG] cheese - [35mMONGO[39m replies.[34mfind[39m {"conditions":{"deleted":false,"topic_id":"569c77b28cb905c9c322a03b"},"options":{"sort":{"create_at":1}},"collectionName":"replies"} [32m2ms[39m
[2016-01-18 13:29:19.811] [DEBUG] cheese - [35mMONGO[39m users.[34mfindOne[39m {"conditions":{"_id":"569c694eb2077eb09943ce0a"},"options":{},"collectionName":"users"} [32m0ms[39m
[2016-01-18 13:29:19.812] [DEBUG] cheese - [35mMONGO[39m users.[34mfindOne[39m {"conditions":{"_id":"569924fdebaeac398be29947"},"options":{},"collectionName":"users"} [32m1ms[39m
[2016-01-18 13:29:19.816] [DEBUG] cheese - [35mMONGO[39m topics.[34mfind[39m {"conditions":{"deleted":false,"_id":{"$nin":["569c77b28cb905c9c322a03b"]},"author_id":"569924fdebaeac398be29947"},"options":{"limit":5,"sort":{"last_reply_at":-1},"fields":{}},"collectionName":"topics"} [32m2ms[39m
[2016-01-18 13:29:19.816] [DEBUG] cheese - [35mMONGO[39m topics.[34mfind[39m {"conditions":{"deleted":false,"tab":{"$ne":"job"},"reply_count":0},"options":{"limit":5,"sort":{"create_at":-1},"fields":{}},"collectionName":"topics"} [32m0ms[39m
[2016-01-18 13:29:19.817] [DEBUG] cheese - Cache set no_reply_topics [32m0ms[39m
[2016-01-18 13:29:19.838] [INFO] cheese - Render view topic/index [32m(21ms)[39m
[2016-01-18 13:29:19.839] [INFO] cheese - Completed 200 [32m(37ms)[39m
[2016-01-18 13:29:23.409] [INFO] cheese - 

Started 2016-01-18T05:29:23.409Z GET / ::1
[2016-01-18 13:29:23.413] [DEBUG] cheese - Cache get tops [32m1ms[39m
[2016-01-18 13:29:23.413] [DEBUG] cheese - Cache get no_reply_topics [32m1ms[39m
[2016-01-18 13:29:23.413] [DEBUG] cheese - Cache get {"deleted":false}pages [32m1ms[39m
[2016-01-18 13:29:23.414] [DEBUG] cheese - [35mMONGO[39m topics.[34mfind[39m {"conditions":{"deleted":false},"options":{"skip":0,"limit":20,"sort":{"top":-1,"last_reply_at":-1},"fields":{}},"collectionName":"topics"} [32m2ms[39m
[2016-01-18 13:29:23.416] [DEBUG] cheese - [35mMONGO[39m users.[34mfindOne[39m {"conditions":{"_id":"569924fdebaeac398be29947"},"options":{},"collectionName":"users"} [32m0ms[39m
[2016-01-18 13:29:23.417] [DEBUG] cheese - [35mMONGO[39m replies.[34mfindOne[39m {"conditions":{"_id":"569c782f8cb905c9c322a03e"},"options":{},"collectionName":"replies"} [32m1ms[39m
[2016-01-18 13:29:23.419] [DEBUG] cheese - [35mMONGO[39m users.[34mfindOne[39m {"conditions":{"_id":"569924fdebaeac398be29947"},"options":{},"collectionName":"users"} [32m1ms[39m
[2016-01-18 13:29:23.426] [INFO] cheese - Render view index [32m(6ms)[39m
[2016-01-18 13:29:23.427] [INFO] cheese - Completed 200 [32m(18ms)[39m
[2016-01-18 13:29:43.317] [INFO] cheese - 

Started 2016-01-18T05:29:43.317Z GET /?tab=ask ::1
[2016-01-18 13:29:43.321] [DEBUG] cheese - Cache get tops [32m1ms[39m
[2016-01-18 13:29:43.321] [DEBUG] cheese - Cache get no_reply_topics [32m1ms[39m
[2016-01-18 13:29:43.322] [DEBUG] cheese - [35mMONGO[39m topics.[34mfind[39m {"conditions":{"deleted":false,"tab":"ask"},"options":{"skip":0,"limit":20,"sort":{"top":-1,"last_reply_at":-1},"fields":{}},"collectionName":"topics"} [32m2ms[39m
[2016-01-18 13:29:43.323] [DEBUG] cheese - Cache set {"tab":"ask","deleted":false}pages [32m0ms[39m
[2016-01-18 13:29:43.324] [DEBUG] cheese - [35mMONGO[39m users.[34mfindOne[39m {"conditions":{"_id":"569924fdebaeac398be29947"},"options":{},"collectionName":"users"} [32m2ms[39m
[2016-01-18 13:29:43.326] [DEBUG] cheese - [35mMONGO[39m replies.[34mfindOne[39m {"conditions":{"_id":"569c782f8cb905c9c322a03e"},"options":{},"collectionName":"replies"} [32m3ms[39m
[2016-01-18 13:29:43.328] [DEBUG] cheese - [35mMONGO[39m users.[34mfindOne[39m {"conditions":{"_id":"569924fdebaeac398be29947"},"options":{},"collectionName":"users"} [32m1ms[39m
[2016-01-18 13:29:43.338] [INFO] cheese - Render view index [32m(9ms)[39m
[2016-01-18 13:29:43.338] [INFO] cheese - Completed 200 [32m(21ms)[39m
[2016-01-18 13:29:47.761] [INFO] cheese - 

Started 2016-01-18T05:29:47.761Z GET /topic/569c77b28cb905c9c322a03b ::1
[2016-01-18 13:29:47.765] [DEBUG] cheese - [35mMONGO[39m topics.[34mfindOne[39m {"conditions":{"deleted":false,"_id":"569c77b28cb905c9c322a03b"},"options":{},"collectionName":"topics"} [32m1ms[39m
[2016-01-18 13:29:47.768] [DEBUG] cheese - [35mMONGO[39m users.[34mfindOne[39m {"conditions":{"_id":"569924fdebaeac398be29947"},"options":{},"collectionName":"users"} [32m1ms[39m
[2016-01-18 13:29:47.769] [DEBUG] cheese - [35mMONGO[39m replies.[34mfind[39m {"conditions":{"deleted":false,"topic_id":"569c77b28cb905c9c322a03b"},"options":{"sort":{"create_at":1}},"collectionName":"replies"} [32m2ms[39m
[2016-01-18 13:29:47.772] [DEBUG] cheese - [35mMONGO[39m users.[34mfindOne[39m {"conditions":{"_id":"569c694eb2077eb09943ce0a"},"options":{},"collectionName":"users"} [32m1ms[39m
[2016-01-18 13:29:47.772] [DEBUG] cheese - [35mMONGO[39m users.[34mfindOne[39m {"conditions":{"_id":"569924fdebaeac398be29947"},"options":{},"collectionName":"users"} [32m1ms[39m
[2016-01-18 13:29:47.775] [DEBUG] cheese - Cache get no_reply_topics [32m2ms[39m
[2016-01-18 13:29:47.775] [DEBUG] cheese - [35mMONGO[39m topics.[34mfind[39m {"conditions":{"deleted":false,"_id":{"$nin":["569c77b28cb905c9c322a03b"]},"author_id":"569924fdebaeac398be29947"},"options":{"limit":5,"sort":{"last_reply_at":-1},"fields":{}},"collectionName":"topics"} [32m1ms[39m
[2016-01-18 13:29:47.811] [INFO] cheese - Render view topic/index [32m(36ms)[39m
[2016-01-18 13:29:47.812] [INFO] cheese - Completed 200 [32m(51ms)[39m
[2016-01-18 13:29:52.083] [INFO] cheese - 

Started 2016-01-18T05:29:52.083Z GET /api ::1
[2016-01-18 13:29:52.098] [INFO] cheese - Render view static/api [32m(10ms)[39m
[2016-01-18 13:29:52.099] [INFO] cheese - Completed 200 [32m(16ms)[39m
[2016-01-18 13:29:54.526] [INFO] cheese - 

Started 2016-01-18T05:29:54.526Z GET / ::1
[2016-01-18 13:29:54.531] [DEBUG] cheese - Cache get tops [32m1ms[39m
[2016-01-18 13:29:54.531] [DEBUG] cheese - Cache get no_reply_topics [32m1ms[39m
[2016-01-18 13:29:54.531] [DEBUG] cheese - Cache get {"deleted":false}pages [32m1ms[39m
[2016-01-18 13:29:54.532] [DEBUG] cheese - [35mMONGO[39m topics.[34mfind[39m {"conditions":{"deleted":false},"options":{"skip":0,"limit":20,"sort":{"top":-1,"last_reply_at":-1},"fields":{}},"collectionName":"topics"} [32m2ms[39m
[2016-01-18 13:29:54.534] [DEBUG] cheese - [35mMONGO[39m users.[34mfindOne[39m {"conditions":{"_id":"569924fdebaeac398be29947"},"options":{},"collectionName":"users"} [32m1ms[39m
[2016-01-18 13:29:54.536] [DEBUG] cheese - [35mMONGO[39m replies.[34mfindOne[39m {"conditions":{"_id":"569c782f8cb905c9c322a03e"},"options":{},"collectionName":"replies"} [32m2ms[39m
[2016-01-18 13:29:54.538] [DEBUG] cheese - [35mMONGO[39m users.[34mfindOne[39m {"conditions":{"_id":"569924fdebaeac398be29947"},"options":{},"collectionName":"users"} [32m0ms[39m
[2016-01-18 13:29:54.546] [INFO] cheese - Render view index [32m(7ms)[39m
[2016-01-18 13:29:54.547] [INFO] cheese - Completed 200 [32m(21ms)[39m
[2016-01-18 13:29:56.901] [INFO] cheese - 

Started 2016-01-18T05:29:56.901Z GET /?tab=good ::1
[2016-01-18 13:29:56.905] [DEBUG] cheese - Cache get tops [32m1ms[39m
[2016-01-18 13:29:56.905] [DEBUG] cheese - Cache get no_reply_topics [32m1ms[39m
[2016-01-18 13:29:56.906] [DEBUG] cheese - [35mMONGO[39m topics.[34mfind[39m {"conditions":{"deleted":false,"good":true},"options":{"skip":0,"limit":20,"sort":{"top":-1,"last_reply_at":-1},"fields":{}},"collectionName":"topics"} [32m1ms[39m
[2016-01-18 13:29:56.906] [DEBUG] cheese - Cache set {"good":true,"deleted":false}pages [32m0ms[39m
[2016-01-18 13:29:56.910] [INFO] cheese - Render view index [32m(4ms)[39m
[2016-01-18 13:29:56.910] [INFO] cheese - Completed 200 [32m(9ms)[39m
[2016-01-18 13:29:58.923] [INFO] cheese - 

Started 2016-01-18T05:29:58.923Z GET /api ::1
[2016-01-18 13:29:58.931] [INFO] cheese - Render view static/api [32m(5ms)[39m
[2016-01-18 13:29:58.931] [INFO] cheese - Completed 304 [32m(8ms)[39m
[2016-01-18 13:30:08.951] [INFO] cheese - 

Started 2016-01-18T05:30:08.951Z GET / ::1
[2016-01-18 13:30:08.955] [DEBUG] cheese - Cache get no_reply_topics [32m1ms[39m
[2016-01-18 13:30:08.957] [DEBUG] cheese - [35mMONGO[39m topics.[34mfind[39m {"conditions":{"deleted":false},"options":{"skip":0,"limit":20,"sort":{"top":-1,"last_reply_at":-1},"fields":{}},"collectionName":"topics"} [32m3ms[39m
[2016-01-18 13:30:08.957] [DEBUG] cheese - [35mMONGO[39m users.[34mfind[39m {"conditions":{"is_block":false},"options":{"limit":10,"sort":{"score":-1}},"collectionName":"users"} [32m1ms[39m
[2016-01-18 13:30:08.959] [DEBUG] cheese - Cache set tops [32m1ms[39m
[2016-01-18 13:30:08.959] [DEBUG] cheese - Cache set {"deleted":false}pages [32m0ms[39m
[2016-01-18 13:30:08.960] [DEBUG] cheese - [35mMONGO[39m users.[34mfindOne[39m {"conditions":{"_id":"569924fdebaeac398be29947"},"options":{},"collectionName":"users"} [32m1ms[39m
[2016-01-18 13:30:08.961] [DEBUG] cheese - [35mMONGO[39m replies.[34mfindOne[39m {"conditions":{"_id":"569c782f8cb905c9c322a03e"},"options":{},"collectionName":"replies"} [32m2ms[39m
[2016-01-18 13:30:08.962] [DEBUG] cheese - [35mMONGO[39m users.[34mfindOne[39m {"conditions":{"_id":"569924fdebaeac398be29947"},"options":{},"collectionName":"users"} [32m0ms[39m
[2016-01-18 13:30:08.970] [INFO] cheese - Render view index [32m(7ms)[39m
[2016-01-18 13:30:08.971] [INFO] cheese - Completed 200 [32m(20ms)[39m
[2016-01-18 13:48:43.166] [INFO] cheese - NodeClub listening on port 3000
[2016-01-18 13:48:43.168] [INFO] cheese - God bless love....
[2016-01-18 13:48:43.168] [INFO] cheese - You can debug your app with http://localhost:3000
[2016-01-18 13:48:43.168] [INFO] cheese - 
[2016-01-18 13:48:46.035] [INFO] cheese - 

Started 2016-01-18T05:48:46.034Z GET / ::1
[2016-01-18 13:48:46.064] [DEBUG] cheese - [35mMONGO[39m topics.[34mfind[39m {"conditions":{"deleted":false},"options":{"skip":0,"limit":20,"sort":{"top":-1,"last_reply_at":-1},"fields":{}},"collectionName":"topics"} [32m7ms[39m
[2016-01-18 13:48:46.068] [DEBUG] cheese - [35mMONGO[39m users.[34mfind[39m {"conditions":{"is_block":false},"options":{"limit":10,"sort":{"score":-1}},"collectionName":"users"} [32m6ms[39m
[2016-01-18 13:48:46.070] [DEBUG] cheese - [35mMONGO[39m topics.[34mfind[39m {"conditions":{"deleted":false,"tab":{"$ne":"job"},"reply_count":0},"options":{"limit":5,"sort":{"create_at":-1},"fields":{}},"collectionName":"topics"} [32m8ms[39m
[2016-01-18 13:48:46.074] [DEBUG] cheese - Cache set tops [32m1ms[39m
[2016-01-18 13:48:46.074] [DEBUG] cheese - Cache set no_reply_topics [32m0ms[39m
[2016-01-18 13:48:46.077] [DEBUG] cheese - Cache set {"deleted":false}pages [32m0ms[39m
[2016-01-18 13:48:46.078] [DEBUG] cheese - [35mMONGO[39m users.[34mfindOne[39m {"conditions":{"_id":"569924fdebaeac398be29947"},"options":{},"collectionName":"users"} [32m3ms[39m
[2016-01-18 13:48:46.079] [DEBUG] cheese - [35mMONGO[39m replies.[34mfindOne[39m {"conditions":{"_id":"569c782f8cb905c9c322a03e"},"options":{},"collectionName":"replies"} [32m3ms[39m
[2016-01-18 13:48:46.084] [DEBUG] cheese - [35mMONGO[39m users.[34mfindOne[39m {"conditions":{"_id":"569924fdebaeac398be29947"},"options":{},"collectionName":"users"} [32m2ms[39m
[2016-01-18 13:48:46.114] [INFO] cheese - Render view index [32m(27ms)[39m
[2016-01-18 13:48:46.117] [INFO] cheese - Completed 200 [32m(83ms)[39m
[2016-01-18 13:48:49.678] [INFO] cheese - 

Started 2016-01-18T05:48:49.678Z GET /setting ::1
[2016-01-18 13:48:49.683] [DEBUG] cheese - [35mMONGO[39m users.[34mfindOne[39m {"conditions":{"_id":"569924fdebaeac398be29947"},"options":{},"collectionName":"users"} [32m1ms[39m
[2016-01-18 13:48:49.709] [INFO] cheese - Render view user/setting [32m(24ms)[39m
[2016-01-18 13:48:49.710] [INFO] cheese - Completed 200 [32m(32ms)[39m
[2016-01-18 13:49:14.997] [INFO] cheese - 

Started 2016-01-18T05:49:14.997Z GET /about ::1
[2016-01-18 13:49:15.046] [INFO] cheese - Render view static/about [32m(45ms)[39m
[2016-01-18 13:49:15.046] [INFO] cheese - Completed 200 [32m(49ms)[39m
[2016-01-18 13:50:06.648] [INFO] cheese - NodeClub listening on port 3000
[2016-01-18 13:50:06.650] [INFO] cheese - God bless love....
[2016-01-18 13:50:06.651] [INFO] cheese - You can debug your app with http://localhost:3000
[2016-01-18 13:50:06.651] [INFO] cheese - 
[2016-01-18 13:50:09.460] [INFO] cheese - 

Started 2016-01-18T05:50:09.460Z GET /about ::1
[2016-01-18 13:50:09.534] [INFO] cheese - Render view static/about [32m(53ms)[39m
[2016-01-18 13:50:09.537] [INFO] cheese - Completed 200 [32m(77ms)[39m
[2016-01-18 13:50:11.890] [INFO] cheese - 

Started 2016-01-18T05:50:11.889Z GET / ::1
[2016-01-18 13:50:11.905] [DEBUG] cheese - [35mMONGO[39m topics.[34mfind[39m {"conditions":{"deleted":false},"options":{"skip":0,"limit":20,"sort":{"top":-1,"last_reply_at":-1},"fields":{}},"collectionName":"topics"} [32m8ms[39m
[2016-01-18 13:50:11.908] [DEBUG] cheese - [35mMONGO[39m users.[34mfind[39m {"conditions":{"is_block":false},"options":{"limit":10,"sort":{"score":-1}},"collectionName":"users"} [32m6ms[39m
[2016-01-18 13:50:11.910] [DEBUG] cheese - [35mMONGO[39m topics.[34mfind[39m {"conditions":{"deleted":false,"tab":{"$ne":"job"},"reply_count":0},"options":{"limit":5,"sort":{"create_at":-1},"fields":{}},"collectionName":"topics"} [32m7ms[39m
[2016-01-18 13:50:11.911] [DEBUG] cheese - Cache set tops [32m0ms[39m
[2016-01-18 13:50:11.912] [DEBUG] cheese - Cache set no_reply_topics [32m0ms[39m
[2016-01-18 13:50:11.916] [DEBUG] cheese - Cache set {"deleted":false}pages [32m0ms[39m
[2016-01-18 13:50:11.916] [DEBUG] cheese - [35mMONGO[39m users.[34mfindOne[39m {"conditions":{"_id":"569924fdebaeac398be29947"},"options":{},"collectionName":"users"} [32m3ms[39m
[2016-01-18 13:50:11.917] [DEBUG] cheese - [35mMONGO[39m replies.[34mfindOne[39m {"conditions":{"_id":"569c782f8cb905c9c322a03e"},"options":{},"collectionName":"replies"} [32m3ms[39m
[2016-01-18 13:50:11.921] [DEBUG] cheese - [35mMONGO[39m users.[34mfindOne[39m {"conditions":{"_id":"569924fdebaeac398be29947"},"options":{},"collectionName":"users"} [32m0ms[39m
[2016-01-18 13:50:11.953] [INFO] cheese - Render view index [32m(28ms)[39m
[2016-01-18 13:50:11.954] [INFO] cheese - Completed 200 [32m(65ms)[39m
[2016-01-18 13:50:14.381] [INFO] cheese - 

Started 2016-01-18T05:50:14.381Z POST /signout ::1
[2016-01-18 13:50:14.405] [INFO] cheese - Completed 302 [32m(24ms)[39m
[2016-01-18 13:50:14.410] [INFO] cheese - 

Started 2016-01-18T05:50:14.409Z GET / ::1
[2016-01-18 13:50:14.413] [DEBUG] cheese - Cache get tops [32m1ms[39m
[2016-01-18 13:50:14.413] [DEBUG] cheese - Cache get no_reply_topics [32m1ms[39m
[2016-01-18 13:50:14.414] [DEBUG] cheese - Cache get {"deleted":false}pages [32m2ms[39m
[2016-01-18 13:50:14.414] [DEBUG] cheese - [35mMONGO[39m topics.[34mfind[39m {"conditions":{"deleted":false},"options":{"skip":0,"limit":20,"sort":{"top":-1,"last_reply_at":-1},"fields":{}},"collectionName":"topics"} [32m2ms[39m
[2016-01-18 13:50:14.417] [DEBUG] cheese - [35mMONGO[39m users.[34mfindOne[39m {"conditions":{"_id":"569924fdebaeac398be29947"},"options":{},"collectionName":"users"} [32m1ms[39m
[2016-01-18 13:50:14.418] [DEBUG] cheese - [35mMONGO[39m replies.[34mfindOne[39m {"conditions":{"_id":"569c782f8cb905c9c322a03e"},"options":{},"collectionName":"replies"} [32m2ms[39m
[2016-01-18 13:50:14.420] [DEBUG] cheese - [35mMONGO[39m users.[34mfindOne[39m {"conditions":{"_id":"569924fdebaeac398be29947"},"options":{},"collectionName":"users"} [32m1ms[39m
[2016-01-18 13:50:14.431] [INFO] cheese - Render view index [32m(10ms)[39m
[2016-01-18 13:50:14.432] [INFO] cheese - Completed 200 [32m(23ms)[39m
[2016-01-18 13:50:16.388] [INFO] cheese - 

Started 2016-01-18T05:50:16.388Z GET /signin ::1
[2016-01-18 13:50:16.393] [INFO] cheese - Render view sign/signin [32m(4ms)[39m
[2016-01-18 13:50:16.395] [INFO] cheese - Completed 200 [32m(6ms)[39m
[2016-01-18 13:50:20.875] [INFO] cheese - 

Started 2016-01-18T05:50:20.875Z POST /signin ::1
[2016-01-18 13:50:20.879] [DEBUG] cheese - [35mMONGO[39m users.[34mfindOne[39m {"conditions":{"loginname":"firezyz"},"options":{},"collectionName":"users"} [32m1ms[39m
[2016-01-18 13:50:21.129] [INFO] cheese - Completed 302 [32m(254ms)[39m
[2016-01-18 13:50:21.134] [INFO] cheese - 

Started 2016-01-18T05:50:21.134Z GET / ::1
[2016-01-18 13:50:21.136] [DEBUG] cheese - [35mMONGO[39m users.[34mfindOne[39m {"conditions":{"_id":"569924fdebaeac398be29947"},"options":{},"collectionName":"users"} [32m1ms[39m
[2016-01-18 13:50:21.139] [DEBUG] cheese - Cache get tops [32m1ms[39m
[2016-01-18 13:50:21.139] [DEBUG] cheese - Cache get no_reply_topics [32m1ms[39m
[2016-01-18 13:50:21.139] [DEBUG] cheese - Cache get {"deleted":false}pages [32m1ms[39m
[2016-01-18 13:50:21.140] [DEBUG] cheese - [35mMONGO[39m topics.[34mfind[39m {"conditions":{"deleted":false},"options":{"skip":0,"limit":20,"sort":{"top":-1,"last_reply_at":-1},"fields":{}},"collectionName":"topics"} [32m2ms[39m
[2016-01-18 13:50:21.142] [DEBUG] cheese - [35mMONGO[39m users.[34mfindOne[39m {"conditions":{"_id":"569924fdebaeac398be29947"},"options":{},"collectionName":"users"} [32m1ms[39m
[2016-01-18 13:50:21.144] [DEBUG] cheese - [35mMONGO[39m replies.[34mfindOne[39m {"conditions":{"_id":"569c782f8cb905c9c322a03e"},"options":{},"collectionName":"replies"} [32m3ms[39m
[2016-01-18 13:50:21.146] [DEBUG] cheese - [35mMONGO[39m users.[34mfindOne[39m {"conditions":{"_id":"569924fdebaeac398be29947"},"options":{},"collectionName":"users"} [32m0ms[39m
[2016-01-18 13:50:21.156] [INFO] cheese - Render view index [32m(9ms)[39m
[2016-01-18 13:50:21.157] [INFO] cheese - Completed 200 [32m(23ms)[39m
[2016-01-18 13:50:26.138] [INFO] cheese - 

Started 2016-01-18T05:50:26.138Z GET /setting ::1
[2016-01-18 13:50:26.144] [DEBUG] cheese - [35mMONGO[39m users.[34mfindOne[39m {"conditions":{"_id":"569924fdebaeac398be29947"},"options":{},"collectionName":"users"} [32m1ms[39m
[2016-01-18 13:50:26.153] [INFO] cheese - Render view user/setting [32m(8ms)[39m
[2016-01-18 13:50:26.154] [INFO] cheese - Completed 200 [32m(16ms)[39m
[2016-01-18 13:50:30.840] [INFO] cheese - 

Started 2016-01-18T05:50:30.839Z GET /admin ::1
[2016-01-18 13:50:30.847] [INFO] cheese - Completed 404 [32m(8ms)[39m
[2016-01-18 13:50:31.102] [INFO] cheese - 

Started 2016-01-18T05:50:31.102Z GET /favicon.ico ::1
[2016-01-18 13:50:31.107] [INFO] cheese - Completed 404 [32m(5ms)[39m
[2016-01-18 13:50:34.350] [INFO] cheese - 

Started 2016-01-18T05:50:34.350Z GET / ::1
[2016-01-18 13:50:34.354] [DEBUG] cheese - Cache get tops [32m1ms[39m
[2016-01-18 13:50:34.355] [DEBUG] cheese - Cache get no_reply_topics [32m1ms[39m
[2016-01-18 13:50:34.355] [DEBUG] cheese - Cache get {"deleted":false}pages [32m1ms[39m
[2016-01-18 13:50:34.355] [DEBUG] cheese - [35mMONGO[39m topics.[34mfind[39m {"conditions":{"deleted":false},"options":{"skip":0,"limit":20,"sort":{"top":-1,"last_reply_at":-1},"fields":{}},"collectionName":"topics"} [32m1ms[39m
[2016-01-18 13:50:34.357] [DEBUG] cheese - [35mMONGO[39m users.[34mfindOne[39m {"conditions":{"_id":"569924fdebaeac398be29947"},"options":{},"collectionName":"users"} [32m1ms[39m
[2016-01-18 13:50:34.358] [DEBUG] cheese - [35mMONGO[39m replies.[34mfindOne[39m {"conditions":{"_id":"569c782f8cb905c9c322a03e"},"options":{},"collectionName":"replies"} [32m2ms[39m
[2016-01-18 13:50:34.361] [DEBUG] cheese - [35mMONGO[39m users.[34mfindOne[39m {"conditions":{"_id":"569924fdebaeac398be29947"},"options":{},"collectionName":"users"} [32m1ms[39m
[2016-01-18 13:50:34.371] [INFO] cheese - Render view index [32m(9ms)[39m
[2016-01-18 13:50:34.372] [INFO] cheese - Completed 304 [32m(22ms)[39m
[2016-01-18 13:50:41.588] [INFO] cheese - 

Started 2016-01-18T05:50:41.587Z GET / ::1
[2016-01-18 13:50:41.594] [DEBUG] cheese - Cache get tops [32m1ms[39m
[2016-01-18 13:50:41.594] [DEBUG] cheese - Cache get no_reply_topics [32m1ms[39m
[2016-01-18 13:50:41.595] [DEBUG] cheese - Cache get {"deleted":false}pages [32m1ms[39m
[2016-01-18 13:50:41.595] [DEBUG] cheese - [35mMONGO[39m topics.[34mfind[39m {"conditions":{"deleted":false},"options":{"skip":0,"limit":20,"sort":{"top":-1,"last_reply_at":-1},"fields":{}},"collectionName":"topics"} [32m1ms[39m
[2016-01-18 13:50:41.597] [DEBUG] cheese - [35mMONGO[39m users.[34mfindOne[39m {"conditions":{"_id":"569924fdebaeac398be29947"},"options":{},"collectionName":"users"} [32m1ms[39m
[2016-01-18 13:50:41.598] [DEBUG] cheese - [35mMONGO[39m replies.[34mfindOne[39m {"conditions":{"_id":"569c782f8cb905c9c322a03e"},"options":{},"collectionName":"replies"} [32m2ms[39m
[2016-01-18 13:50:41.600] [DEBUG] cheese - [35mMONGO[39m users.[34mfindOne[39m {"conditions":{"_id":"569924fdebaeac398be29947"},"options":{},"collectionName":"users"} [32m1ms[39m
[2016-01-18 13:50:41.610] [INFO] cheese - Render view index [32m(8ms)[39m
[2016-01-18 13:50:41.610] [INFO] cheese - Completed 304 [32m(23ms)[39m
[2016-01-18 13:50:44.459] [INFO] cheese - 

Started 2016-01-18T05:50:44.459Z GET / ::1
[2016-01-18 13:50:44.463] [DEBUG] cheese - Cache get tops [32m1ms[39m
[2016-01-18 13:50:44.463] [DEBUG] cheese - Cache get no_reply_topics [32m1ms[39m
[2016-01-18 13:50:44.463] [DEBUG] cheese - Cache get {"deleted":false}pages [32m1ms[39m
[2016-01-18 13:50:44.464] [DEBUG] cheese - [35mMONGO[39m topics.[34mfind[39m {"conditions":{"deleted":false},"options":{"skip":0,"limit":20,"sort":{"top":-1,"last_reply_at":-1},"fields":{}},"collectionName":"topics"} [32m2ms[39m
[2016-01-18 13:50:44.467] [DEBUG] cheese - [35mMONGO[39m users.[34mfindOne[39m {"conditions":{"_id":"569924fdebaeac398be29947"},"options":{},"collectionName":"users"} [32m1ms[39m
[2016-01-18 13:50:44.468] [DEBUG] cheese - [35mMONGO[39m replies.[34mfindOne[39m {"conditions":{"_id":"569c782f8cb905c9c322a03e"},"options":{},"collectionName":"replies"} [32m2ms[39m
[2016-01-18 13:50:44.471] [DEBUG] cheese - [35mMONGO[39m users.[34mfindOne[39m {"conditions":{"_id":"569924fdebaeac398be29947"},"options":{},"collectionName":"users"} [32m1ms[39m
[2016-01-18 13:50:44.480] [INFO] cheese - Render view index [32m(8ms)[39m
[2016-01-18 13:50:44.480] [INFO] cheese - Completed 304 [32m(21ms)[39m
[2016-01-18 14:31:35.523] [INFO] cheese - 

Started 2016-01-18T06:31:35.523Z GET /my/messages ::1
[2016-01-18 14:31:35.529] [DEBUG] cheese - [35mMONGO[39m messages.[34mfind[39m {"conditions":{"has_read":true,"master_id":"569924fdebaeac398be29947"},"options":{"sort":{"create_at":-1},"limit":20},"collectionName":"messages"} [32m1ms[39m
[2016-01-18 14:31:35.530] [DEBUG] cheese - [35mMONGO[39m messages.[34mfind[39m {"conditions":{"has_read":false,"master_id":"569924fdebaeac398be29947"},"options":{"sort":{"create_at":-1}},"collectionName":"messages"} [32m2ms[39m
[2016-01-18 14:31:35.533] [DEBUG] cheese - [35mMONGO[39m users.[34mfindOne[39m {"conditions":{"_id":"569c694eb2077eb09943ce0a"},"options":{},"collectionName":"users"} [32m2ms[39m
[2016-01-18 14:31:35.534] [DEBUG] cheese - [35mMONGO[39m topics.[34mfindOne[39m {"conditions":{"_id":"569c77b28cb905c9c322a03b"},"options":{},"collectionName":"topics"} [32m2ms[39m
[2016-01-18 14:31:35.536] [DEBUG] cheese - [35mMONGO[39m replies.[34mfindOne[39m {"conditions":{"_id":"569c78048cb905c9c322a03c"},"options":{},"collectionName":"replies"} [32m4ms[39m
[2016-01-18 14:31:35.538] [DEBUG] cheese - [35mMONGO[39m users.[34mfindOne[39m {"conditions":{"_id":"569924fdebaeac398be29947"},"options":{},"collectionName":"users"} [32m3ms[39m
[2016-01-18 14:31:35.539] [DEBUG] cheese - [35mMONGO[39m replies.[34mfindOne[39m {"conditions":{"_id":"569c782f8cb905c9c322a03e"},"options":{},"collectionName":"replies"} [32m4ms[39m
[2016-01-18 14:31:35.541] [DEBUG] cheese - [35mMONGO[39m users.[34mfindOne[39m {"conditions":{"_id":"569c694eb2077eb09943ce0a"},"options":{},"collectionName":"users"} [32m1ms[39m
[2016-01-18 14:31:35.543] [DEBUG] cheese - [35mMONGO[39m users.[34mfindOne[39m {"conditions":{"_id":"569924fdebaeac398be29947"},"options":{},"collectionName":"users"} [32m2ms[39m
[2016-01-18 14:31:35.550] [INFO] cheese - Render view message/index [32m(6ms)[39m
[2016-01-18 14:31:35.550] [INFO] cheese - Completed 200 [32m(27ms)[39m
[2016-01-18 14:31:38.888] [INFO] cheese - 

Started 2016-01-18T06:31:38.888Z GET / ::1
[2016-01-18 14:31:38.894] [DEBUG] cheese - [35mMONGO[39m topics.[34mfind[39m {"conditions":{"deleted":false},"options":{"skip":0,"limit":20,"sort":{"top":-1,"last_reply_at":-1},"fields":{}},"collectionName":"topics"} [32m2ms[39m
[2016-01-18 14:31:38.895] [DEBUG] cheese - [35mMONGO[39m users.[34mfind[39m {"conditions":{"is_block":false},"options":{"limit":10,"sort":{"score":-1}},"collectionName":"users"} [32m2ms[39m
[2016-01-18 14:31:38.898] [DEBUG] cheese - Cache set tops [32m1ms[39m
[2016-01-18 14:31:38.899] [DEBUG] cheese - Cache set {"deleted":false}pages [32m0ms[39m
[2016-01-18 14:31:38.899] [DEBUG] cheese - [35mMONGO[39m topics.[34mfind[39m {"conditions":{"deleted":false,"tab":{"$ne":"job"},"reply_count":0},"options":{"limit":5,"sort":{"create_at":-1},"fields":{}},"collectionName":"topics"} [32m6ms[39m
[2016-01-18 14:31:38.900] [DEBUG] cheese - [35mMONGO[39m users.[34mfindOne[39m {"conditions":{"_id":"569924fdebaeac398be29947"},"options":{},"collectionName":"users"} [32m2ms[39m
[2016-01-18 14:31:38.901] [DEBUG] cheese - Cache set no_reply_topics [32m0ms[39m
[2016-01-18 14:31:38.901] [DEBUG] cheese - [35mMONGO[39m replies.[34mfindOne[39m {"conditions":{"_id":"569c782f8cb905c9c322a03e"},"options":{},"collectionName":"replies"} [32m3ms[39m
[2016-01-18 14:31:38.903] [DEBUG] cheese - [35mMONGO[39m users.[34mfindOne[39m {"conditions":{"_id":"569924fdebaeac398be29947"},"options":{},"collectionName":"users"} [32m1ms[39m
[2016-01-18 14:31:38.924] [INFO] cheese - Render view index [32m(19ms)[39m
[2016-01-18 14:31:38.924] [INFO] cheese - Completed 200 [32m(36ms)[39m
[2016-01-18 14:31:42.293] [INFO] cheese - 

Started 2016-01-18T06:31:42.293Z GET /user/firezyz ::1
[2016-01-18 14:31:42.310] [DEBUG] cheese - [35mMONGO[39m users.[34mfindOne[39m {"conditions":{"loginname":"firezyz"},"options":{},"collectionName":"users"} [32m1ms[39m
[2016-01-18 14:31:42.313] [DEBUG] cheese - [35mMONGO[39m topics.[34mfind[39m {"conditions":{"deleted":false,"author_id":"569924fdebaeac398be29947"},"options":{"limit":5,"sort":{"create_at":-1},"fields":{}},"collectionName":"topics"} [32m1ms[39m
[2016-01-18 14:31:42.315] [DEBUG] cheese - [35mMONGO[39m replies.[34mfind[39m {"conditions":{"author_id":"569924fdebaeac398be29947"},"options":{"limit":20,"sort":{"create_at":-1},"fields":{}},"collectionName":"replies"} [32m2ms[39m
[2016-01-18 14:31:42.316] [DEBUG] cheese - [35mMONGO[39m users.[34mfindOne[39m {"conditions":{"_id":"569924fdebaeac398be29947"},"options":{},"collectionName":"users"} [32m2ms[39m
[2016-01-18 14:31:42.317] [DEBUG] cheese - [35mMONGO[39m replies.[34mfindOne[39m {"conditions":{"_id":"569c782f8cb905c9c322a03e"},"options":{},"collectionName":"replies"} [32m3ms[39m
[2016-01-18 14:31:42.318] [DEBUG] cheese - [35mMONGO[39m topics.[34mfind[39m {"conditions":{"deleted":false,"_id":{"$in":["569c77b28cb905c9c322a03b"]}},"options":{"limit":5,"sort":{"create_at":-1},"fields":{}},"collectionName":"topics"} [32m1ms[39m
[2016-01-18 14:31:42.320] [DEBUG] cheese - [35mMONGO[39m users.[34mfindOne[39m {"conditions":{"_id":"569924fdebaeac398be29947"},"options":{},"collectionName":"users"} [32m2ms[39m
[2016-01-18 14:31:42.320] [DEBUG] cheese - [35mMONGO[39m users.[34mfindOne[39m {"conditions":{"_id":"569924fdebaeac398be29947"},"options":{},"collectionName":"users"} [32m1ms[39m
[2016-01-18 14:31:42.321] [DEBUG] cheese - [35mMONGO[39m replies.[34mfindOne[39m {"conditions":{"_id":"569c782f8cb905c9c322a03e"},"options":{},"collectionName":"replies"} [32m2ms[39m
[2016-01-18 14:31:42.323] [DEBUG] cheese - [35mMONGO[39m users.[34mfindOne[39m {"conditions":{"_id":"569924fdebaeac398be29947"},"options":{},"collectionName":"users"} [32m0ms[39m
[2016-01-18 14:31:42.333] [INFO] cheese - Render view user/index [32m(9ms)[39m
[2016-01-18 14:31:42.334] [INFO] cheese - Completed 200 [32m(41ms)[39m
[2016-01-18 14:31:52.942] [INFO] cheese - 

Started 2016-01-18T06:31:52.942Z POST /user/set_star ::1
[2016-01-18 14:31:52.947] [DEBUG] cheese - [35mMONGO[39m users.[34mfindOne[39m {"conditions":{"_id":"569924fdebaeac398be29947"},"options":{},"collectionName":"users"} [32m1ms[39m
[2016-01-18 14:31:52.956] [INFO] cheese - Completed 200 [32m(14ms)[39m
[2016-01-18 14:31:57.961] [INFO] cheese - 

Started 2016-01-18T06:31:57.960Z GET / ::1
[2016-01-18 14:31:57.966] [DEBUG] cheese - Cache get tops [32m2ms[39m
[2016-01-18 14:31:57.966] [DEBUG] cheese - Cache get no_reply_topics [32m1ms[39m
[2016-01-18 14:31:57.966] [DEBUG] cheese - Cache get {"deleted":false}pages [32m1ms[39m
[2016-01-18 14:31:57.967] [DEBUG] cheese - [35mMONGO[39m topics.[34mfind[39m {"conditions":{"deleted":false},"options":{"skip":0,"limit":20,"sort":{"top":-1,"last_reply_at":-1},"fields":{}},"collectionName":"topics"} [32m2ms[39m
[2016-01-18 14:31:57.969] [DEBUG] cheese - [35mMONGO[39m users.[34mfindOne[39m {"conditions":{"_id":"569924fdebaeac398be29947"},"options":{},"collectionName":"users"} [32m0ms[39m
[2016-01-18 14:31:57.972] [DEBUG] cheese - [35mMONGO[39m replies.[34mfindOne[39m {"conditions":{"_id":"569c782f8cb905c9c322a03e"},"options":{},"collectionName":"replies"} [32m4ms[39m
[2016-01-18 14:31:57.975] [DEBUG] cheese - [35mMONGO[39m users.[34mfindOne[39m {"conditions":{"_id":"569924fdebaeac398be29947"},"options":{},"collectionName":"users"} [32m1ms[39m
[2016-01-18 14:31:57.986] [INFO] cheese - Render view index [32m(9ms)[39m
[2016-01-18 14:31:57.986] [INFO] cheese - Completed 304 [32m(26ms)[39m
[2016-01-18 14:31:59.858] [INFO] cheese - 

Started 2016-01-18T06:31:59.858Z GET /user/firezyz ::1
[2016-01-18 14:31:59.862] [DEBUG] cheese - [35mMONGO[39m users.[34mfindOne[39m {"conditions":{"loginname":"firezyz"},"options":{},"collectionName":"users"} [32m1ms[39m
[2016-01-18 14:31:59.865] [DEBUG] cheese - [35mMONGO[39m topics.[34mfind[39m {"conditions":{"deleted":false,"author_id":"569924fdebaeac398be29947"},"options":{"limit":5,"sort":{"create_at":-1},"fields":{}},"collectionName":"topics"} [32m0ms[39m
[2016-01-18 14:31:59.866] [DEBUG] cheese - [35mMONGO[39m replies.[34mfind[39m {"conditions":{"author_id":"569924fdebaeac398be29947"},"options":{"limit":20,"sort":{"create_at":-1},"fields":{}},"collectionName":"replies"} [32m2ms[39m
[2016-01-18 14:31:59.867] [DEBUG] cheese - [35mMONGO[39m users.[34mfindOne[39m {"conditions":{"_id":"569924fdebaeac398be29947"},"options":{},"collectionName":"users"} [32m2ms[39m
[2016-01-18 14:31:59.869] [DEBUG] cheese - [35mMONGO[39m replies.[34mfindOne[39m {"conditions":{"_id":"569c782f8cb905c9c322a03e"},"options":{},"collectionName":"replies"} [32m3ms[39m
[2016-01-18 14:31:59.870] [DEBUG] cheese - [35mMONGO[39m topics.[34mfind[39m {"conditions":{"deleted":false,"_id":{"$in":["569c77b28cb905c9c322a03b"]}},"options":{"limit":5,"sort":{"create_at":-1},"fields":{}},"collectionName":"topics"} [32m2ms[39m
[2016-01-18 14:31:59.872] [DEBUG] cheese - [35mMONGO[39m users.[34mfindOne[39m {"conditions":{"_id":"569924fdebaeac398be29947"},"options":{},"collectionName":"users"} [32m3ms[39m
[2016-01-18 14:31:59.873] [DEBUG] cheese - [35mMONGO[39m users.[34mfindOne[39m {"conditions":{"_id":"569924fdebaeac398be29947"},"options":{},"collectionName":"users"} [32m2ms[39m
[2016-01-18 14:31:59.873] [DEBUG] cheese - [35mMONGO[39m replies.[34mfindOne[39m {"conditions":{"_id":"569c782f8cb905c9c322a03e"},"options":{},"collectionName":"replies"} [32m1ms[39m
[2016-01-18 14:31:59.875] [DEBUG] cheese - [35mMONGO[39m users.[34mfindOne[39m {"conditions":{"_id":"569924fdebaeac398be29947"},"options":{},"collectionName":"users"} [32m1ms[39m
[2016-01-18 14:31:59.886] [INFO] cheese - Render view user/index [32m(10ms)[39m
[2016-01-18 14:31:59.887] [INFO] cheese - Completed 200 [32m(29ms)[39m
[2016-01-18 14:32:10.667] [INFO] cheese - 

Started 2016-01-18T06:32:10.667Z GET / ::1
[2016-01-18 14:32:10.671] [DEBUG] cheese - Cache get tops [32m2ms[39m
[2016-01-18 14:32:10.671] [DEBUG] cheese - Cache get no_reply_topics [32m2ms[39m
[2016-01-18 14:32:10.671] [DEBUG] cheese - Cache get {"deleted":false}pages [32m2ms[39m
[2016-01-18 14:32:10.672] [DEBUG] cheese - [35mMONGO[39m topics.[34mfind[39m {"conditions":{"deleted":false},"options":{"skip":0,"limit":20,"sort":{"top":-1,"last_reply_at":-1},"fields":{}},"collectionName":"topics"} [32m2ms[39m
[2016-01-18 14:32:10.674] [DEBUG] cheese - [35mMONGO[39m users.[34mfindOne[39m {"conditions":{"_id":"569924fdebaeac398be29947"},"options":{},"collectionName":"users"} [32m1ms[39m
[2016-01-18 14:32:10.675] [DEBUG] cheese - [35mMONGO[39m replies.[34mfindOne[39m {"conditions":{"_id":"569c782f8cb905c9c322a03e"},"options":{},"collectionName":"replies"} [32m2ms[39m
[2016-01-18 14:32:10.677] [DEBUG] cheese - [35mMONGO[39m users.[34mfindOne[39m {"conditions":{"_id":"569924fdebaeac398be29947"},"options":{},"collectionName":"users"} [32m1ms[39m
[2016-01-18 14:32:10.686] [INFO] cheese - Render view index [32m(8ms)[39m
[2016-01-18 14:32:10.686] [INFO] cheese - Completed 304 [32m(19ms)[39m
[2016-01-18 14:32:13.548] [INFO] cheese - 

Started 2016-01-18T06:32:13.548Z GET /user/zhangyuzhu ::1
[2016-01-18 14:32:13.552] [DEBUG] cheese - [35mMONGO[39m users.[34mfindOne[39m {"conditions":{"loginname":"zhangyuzhu"},"options":{},"collectionName":"users"} [32m0ms[39m
[2016-01-18 14:32:13.554] [DEBUG] cheese - [35mMONGO[39m topics.[34mfind[39m {"conditions":{"deleted":false,"author_id":"569c694eb2077eb09943ce0a"},"options":{"limit":5,"sort":{"create_at":-1},"fields":{}},"collectionName":"topics"} [32m1ms[39m
[2016-01-18 14:32:13.554] [DEBUG] cheese - [35mMONGO[39m replies.[34mfind[39m {"conditions":{"author_id":"569c694eb2077eb09943ce0a"},"options":{"limit":20,"sort":{"create_at":-1},"fields":{}},"collectionName":"replies"} [32m1ms[39m
[2016-01-18 14:32:13.556] [DEBUG] cheese - [35mMONGO[39m topics.[34mfind[39m {"conditions":{"deleted":false,"_id":{"$in":["569c77b28cb905c9c322a03b"]}},"options":{"limit":5,"sort":{"create_at":-1},"fields":{}},"collectionName":"topics"} [32m0ms[39m
[2016-01-18 14:32:13.558] [DEBUG] cheese - [35mMONGO[39m users.[34mfindOne[39m {"conditions":{"_id":"569924fdebaeac398be29947"},"options":{},"collectionName":"users"} [32m1ms[39m
[2016-01-18 14:32:13.559] [DEBUG] cheese - [35mMONGO[39m replies.[34mfindOne[39m {"conditions":{"_id":"569c782f8cb905c9c322a03e"},"options":{},"collectionName":"replies"} [32m2ms[39m
[2016-01-18 14:32:13.560] [DEBUG] cheese - [35mMONGO[39m users.[34mfindOne[39m {"conditions":{"_id":"569924fdebaeac398be29947"},"options":{},"collectionName":"users"} [32m0ms[39m
[2016-01-18 14:32:13.571] [INFO] cheese - Render view user/index [32m(10ms)[39m
[2016-01-18 14:32:13.573] [INFO] cheese - Completed 200 [32m(25ms)[39m
[2016-01-18 14:32:21.535] [INFO] cheese - 

Started 2016-01-18T06:32:21.535Z POST /user/zhangyuzhu/block ::1
[2016-01-18 14:32:21.540] [DEBUG] cheese - [35mMONGO[39m users.[34mfindOne[39m {"conditions":{"loginname":"zhangyuzhu"},"options":{},"collectionName":"users"} [32m1ms[39m
[2016-01-18 14:32:21.544] [INFO] cheese - Completed 200 [32m(9ms)[39m
[2016-01-18 14:32:24.071] [INFO] cheese - 

Started 2016-01-18T06:32:24.071Z POST /signout ::1
[2016-01-18 14:32:24.076] [INFO] cheese - Completed 302 [32m(5ms)[39m
[2016-01-18 14:32:24.080] [INFO] cheese - 

Started 2016-01-18T06:32:24.080Z GET / ::1
[2016-01-18 14:32:24.082] [DEBUG] cheese - Cache get tops [32m1ms[39m
[2016-01-18 14:32:24.082] [DEBUG] cheese - Cache get no_reply_topics [32m1ms[39m
[2016-01-18 14:32:24.082] [DEBUG] cheese - Cache get {"deleted":false}pages [32m1ms[39m
[2016-01-18 14:32:24.083] [DEBUG] cheese - [35mMONGO[39m topics.[34mfind[39m {"conditions":{"deleted":false},"options":{"skip":0,"limit":20,"sort":{"top":-1,"last_reply_at":-1},"fields":{}},"collectionName":"topics"} [32m2ms[39m
[2016-01-18 14:32:24.084] [DEBUG] cheese - [35mMONGO[39m users.[34mfindOne[39m {"conditions":{"_id":"569924fdebaeac398be29947"},"options":{},"collectionName":"users"} [32m1ms[39m
[2016-01-18 14:32:24.085] [DEBUG] cheese - [35mMONGO[39m replies.[34mfindOne[39m {"conditions":{"_id":"569c782f8cb905c9c322a03e"},"options":{},"collectionName":"replies"} [32m2ms[39m
[2016-01-18 14:32:24.086] [DEBUG] cheese - [35mMONGO[39m users.[34mfindOne[39m {"conditions":{"_id":"569924fdebaeac398be29947"},"options":{},"collectionName":"users"} [32m0ms[39m
[2016-01-18 14:32:24.094] [INFO] cheese - Render view index [32m(7ms)[39m
[2016-01-18 14:32:24.095] [INFO] cheese - Completed 200 [32m(15ms)[39m
[2016-01-18 14:32:26.656] [INFO] cheese - 

Started 2016-01-18T06:32:26.656Z GET /signin ::1
[2016-01-18 14:32:26.662] [INFO] cheese - Render view sign/signin [32m(5ms)[39m
[2016-01-18 14:32:26.663] [INFO] cheese - Completed 200 [32m(7ms)[39m
[2016-01-18 14:32:33.312] [INFO] cheese - 

Started 2016-01-18T06:32:33.312Z POST /signin ::1
[2016-01-18 14:32:33.314] [DEBUG] cheese - [35mMONGO[39m users.[34mfindOne[39m {"conditions":{"loginname":"zhangyuzhu"},"options":{},"collectionName":"users"} [32m1ms[39m
[2016-01-18 14:32:33.551] [INFO] cheese - Completed 302 [32m(239ms)[39m
[2016-01-18 14:32:33.556] [INFO] cheese - 

Started 2016-01-18T06:32:33.556Z GET / ::1
[2016-01-18 14:32:33.558] [DEBUG] cheese - [35mMONGO[39m users.[34mfindOne[39m {"conditions":{"_id":"569c694eb2077eb09943ce0a"},"options":{},"collectionName":"users"} [32m1ms[39m
[2016-01-18 14:32:33.560] [DEBUG] cheese - Cache get tops [32m0ms[39m
[2016-01-18 14:32:33.561] [DEBUG] cheese - Cache get no_reply_topics [32m1ms[39m
[2016-01-18 14:32:33.561] [DEBUG] cheese - Cache get {"deleted":false}pages [32m1ms[39m
[2016-01-18 14:32:33.562] [DEBUG] cheese - [35mMONGO[39m topics.[34mfind[39m {"conditions":{"deleted":false},"options":{"skip":0,"limit":20,"sort":{"top":-1,"last_reply_at":-1},"fields":{}},"collectionName":"topics"} [32m1ms[39m
[2016-01-18 14:32:33.563] [DEBUG] cheese - [35mMONGO[39m users.[34mfindOne[39m {"conditions":{"_id":"569924fdebaeac398be29947"},"options":{},"collectionName":"users"} [32m1ms[39m
[2016-01-18 14:32:33.565] [DEBUG] cheese - [35mMONGO[39m replies.[34mfindOne[39m {"conditions":{"_id":"569c782f8cb905c9c322a03e"},"options":{},"collectionName":"replies"} [32m2ms[39m
[2016-01-18 14:32:33.567] [DEBUG] cheese - [35mMONGO[39m users.[34mfindOne[39m {"conditions":{"_id":"569924fdebaeac398be29947"},"options":{},"collectionName":"users"} [32m1ms[39m
[2016-01-18 14:32:33.608] [INFO] cheese - Render view index [32m(41ms)[39m
[2016-01-18 14:32:33.609] [INFO] cheese - Completed 200 [32m(53ms)[39m
[2016-01-18 14:32:36.167] [INFO] cheese - 

Started 2016-01-18T06:32:36.167Z GET /topic/create ::1
[2016-01-18 14:32:36.177] [INFO] cheese - Render view topic/edit [32m(7ms)[39m
[2016-01-18 14:32:36.178] [INFO] cheese - Completed 200 [32m(11ms)[39m
[2016-01-18 14:33:33.573] [INFO] cheese - 

Started 2016-01-18T06:33:33.573Z POST /topic/create ::1
[2016-01-18 14:33:33.578] [INFO] cheese - Completed 403 [32m(5ms)[39m
